This is pdfTeX, Version 3.141592653-2.6-1.40.29 (MiKTeX 26.5) (preloaded format=pdflatex 2026.7.6)  6 JUL 2026 21:31
entering extended mode
 restricted \write18 enabled.
 file:line:error style messages enabled.
 %&-line parsing enabled.
**/home/ilia/storage/Projects/Latex/texencoder/NIR.tex
(/home/ilia/storage/Projects/Latex/texencoder/NIR.tex
LaTeX2e <2026-06-01>
L3 programming layer <2026-06-18>
(/home/ilia/.miktex/texmfs/install/tex/latex/base/article.cls
Document Class: article 2025/01/22 v1.4n Standard LaTeX document class
(/home/ilia/.miktex/texmfs/install/tex/latex/base/size10.clo
File: size10.clo 2025/01/22 v1.4n Standard LaTeX file (size option)
)
\c@part=\count276
\c@section=\count277
\c@subsection=\count278
\c@subsubsection=\count279
\c@paragraph=\count280
\c@subparagraph=\count281
\c@figure=\count282
\c@table=\count283
\abovecaptionskip=\skip49
\belowcaptionskip=\skip50
\bibindent=\dimen150
) (/home/ilia/.miktex/texmfs/install/tex/latex/geometry/geometry.sty
Package: geometry 2026/03/07 v6.0 Page Geometry
 (/home/ilia/.miktex/texmfs/install/tex/latex/graphics/keyval.sty
Package: keyval 2026-05-17 v1.15 key=value parser (DPC)
\KV@toks@=\toks17
) (/home/ilia/.miktex/texmfs/install/tex/generic/iftex/ifvtex.sty
Package: ifvtex 2019/10/25 v1.7 ifvtex legacy package. Use iftex instead.
 (/home/ilia/.miktex/texmfs/install/tex/generic/iftex/iftex.sty
Package: iftex 2024/12/12 v1.0g TeX engine tests
))
\Gm@cnth=\count284
\Gm@cntv=\count285
\c@Gm@tempcnt=\count286
\Gm@bindingoffset=\dimen151
\Gm@wd@mp=\dimen152
\Gm@odd@mp=\dimen153
\Gm@even@mp=\dimen154
\Gm@layoutwidth=\dimen155
\Gm@layoutheight=\dimen156
\Gm@layouthoffset=\dimen157
\Gm@layoutvoffset=\dimen158
\Gm@dimlist=\toks18
 (/home/ilia/.miktex/texmfs/install/tex/latex/geometry/geometry.cfg)) (/home/ilia/.miktex/texmfs/install/tex/latex/base/inputenc.sty
Package: inputenc 2024/02/08 v1.3d Input encoding file
\inpenc@prehook=\toks19
\inpenc@posthook=\toks20
) (/home/ilia/.miktex/texmfs/install/tex/latex/base/fontenc.sty
Package: fontenc 2025/07/18 v2.1d Standard LaTeX package
 (/home/ilia/.miktex/texmfs/install/tex/latex/cyrillic/t2aenc.def
File: t2aenc.def 2023/11/07 v1.0k Cyrillic encoding definition file
Now handling font encoding T2A ...
... processing UTF-8 mapping file for font encoding T2A
 (/home/ilia/.miktex/texmfs/install/tex/latex/base/t2aenc.dfu
File: t2aenc.dfu 2022/06/07 v1.3c UTF-8 support
   defining Unicode char U+00A4 (decimal 164)
   defining Unicode char U+00A7 (decimal 167)
   defining Unicode char U+00AB (decimal 171)
   defining Unicode char U+00BB (decimal 187)
   defining Unicode char U+0131 (decimal 305)
   defining Unicode char U+0237 (decimal 567)
   defining Unicode char U+0400 (decimal 1024)
   defining Unicode char U+0401 (decimal 1025)
   defining Unicode char U+0402 (decimal 1026)
   defining Unicode char U+0403 (decimal 1027)
   defining Unicode char U+0404 (decimal 1028)
   defining Unicode char U+0405 (decimal 1029)
   defining Unicode char U+0406 (decimal 1030)
   defining Unicode char U+0407 (decimal 1031)
   defining Unicode char U+0408 (decimal 1032)
   defining Unicode char U+0409 (decimal 1033)
   defining Unicode char U+040A (decimal 1034)
   defining Unicode char U+040B (decimal 1035)
   defining Unicode char U+040C (decimal 1036)
   defining Unicode char U+040D (decimal 1037)
   defining Unicode char U+040E (decimal 1038)
   defining Unicode char U+040F (decimal 1039)
   defining Unicode char U+0410 (decimal 1040)
   defining Unicode char U+0411 (decimal 1041)
   defining Unicode char U+0412 (decimal 1042)
   defining Unicode char U+0413 (decimal 1043)
   defining Unicode char U+0414 (decimal 1044)
   defining Unicode char U+0415 (decimal 1045)
   defining Unicode char U+0416 (decimal 1046)
   defining Unicode char U+0417 (decimal 1047)
   defining Unicode char U+0418 (decimal 1048)
   defining Unicode char U+0419 (decimal 1049)
   defining Unicode char U+041A (decimal 1050)
   defining Unicode char U+041B (decimal 1051)
   defining Unicode char U+041C (decimal 1052)
   defining Unicode char U+041D (decimal 1053)
   defining Unicode char U+041E (decimal 1054)
   defining Unicode char U+041F (decimal 1055)
   defining Unicode char U+0420 (decimal 1056)
   defining Unicode char U+0421 (decimal 1057)
   defining Unicode char U+0422 (decimal 1058)
   defining Unicode char U+0423 (decimal 1059)
   defining Unicode char U+0424 (decimal 1060)
   defining Unicode char U+0425 (decimal 1061)
   defining Unicode char U+0426 (decimal 1062)
   defining Unicode char U+0427 (decimal 1063)
   defining Unicode char U+0428 (decimal 1064)
   defining Unicode char U+0429 (decimal 1065)
   defining Unicode char U+042A (decimal 1066)
   defining Unicode char U+042B (decimal 1067)
   defining Unicode char U+042C (decimal 1068)
   defining Unicode char U+042D (decimal 1069)
   defining Unicode char U+042E (decimal 1070)
   defining Unicode char U+042F (decimal 1071)
   defining Unicode char U+0430 (decimal 1072)
   defining Unicode char U+0431 (decimal 1073)
   defining Unicode char U+0432 (decimal 1074)
   defining Unicode char U+0433 (decimal 1075)
   defining Unicode char U+0434 (decimal 1076)
   defining Unicode char U+0435 (decimal 1077)
   defining Unicode char U+0436 (decimal 1078)
   defining Unicode char U+0437 (decimal 1079)
   defining Unicode char U+0438 (decimal 1080)
   defining Unicode char U+0439 (decimal 1081)
   defining Unicode char U+043A (decimal 1082)
   defining Unicode char U+043B (decimal 1083)
   defining Unicode char U+043C (decimal 1084)
   defining Unicode char U+043D (decimal 1085)
   defining Unicode char U+043E (decimal 1086)
   defining Unicode char U+043F (decimal 1087)
   defining Unicode char U+0440 (decimal 1088)
   defining Unicode char U+0441 (decimal 1089)
   defining Unicode char U+0442 (decimal 1090)
   defining Unicode char U+0443 (decimal 1091)
   defining Unicode char U+0444 (decimal 1092)
   defining Unicode char U+0445 (decimal 1093)
   defining Unicode char U+0446 (decimal 1094)
   defining Unicode char U+0447 (decimal 1095)
   defining Unicode char U+0448 (decimal 1096)
   defining Unicode char U+0449 (decimal 1097)
   defining Unicode char U+044A (decimal 1098)
   defining Unicode char U+044B (decimal 1099)
   defining Unicode char U+044C (decimal 1100)
   defining Unicode char U+044D (decimal 1101)
   defining Unicode char U+044E (decimal 1102)
   defining Unicode char U+044F (decimal 1103)
   defining Unicode char U+0450 (decimal 1104)
   defining Unicode char U+0451 (decimal 1105)
   defining Unicode char U+0452 (decimal 1106)
   defining Unicode char U+0453 (decimal 1107)
   defining Unicode char U+0454 (decimal 1108)
   defining Unicode char U+0455 (decimal 1109)
   defining Unicode char U+0456 (decimal 1110)
   defining Unicode char U+0457 (decimal 1111)
   defining Unicode char U+0458 (decimal 1112)
   defining Unicode char U+0459 (decimal 1113)
   defining Unicode char U+045A (decimal 1114)
   defining Unicode char U+045B (decimal 1115)
   defining Unicode char U+045C (decimal 1116)
   defining Unicode char U+045D (decimal 1117)
   defining Unicode char U+045E (decimal 1118)
   defining Unicode char U+045F (decimal 1119)
   defining Unicode char U+0490 (decimal 1168)
   defining Unicode char U+0491 (decimal 1169)
   defining Unicode char U+0492 (decimal 1170)
   defining Unicode char U+0493 (decimal 1171)
   defining Unicode char U+0496 (decimal 1174)
   defining Unicode char U+0497 (decimal 1175)
   defining Unicode char U+0498 (decimal 1176)
   defining Unicode char U+0499 (decimal 1177)
   defining Unicode char U+049A (decimal 1178)
   defining Unicode char U+049B (decimal 1179)
   defining Unicode char U+049C (decimal 1180)
   defining Unicode char U+049D (decimal 1181)
   defining Unicode char U+04A0 (decimal 1184)
   defining Unicode char U+04A1 (decimal 1185)
   defining Unicode char U+04A2 (decimal 1186)
   defining Unicode char U+04A3 (decimal 1187)
   defining Unicode char U+04A4 (decimal 1188)
   defining Unicode char U+04A5 (decimal 1189)
   defining Unicode char U+04AA (decimal 1194)
   defining Unicode char U+04AB (decimal 1195)
   defining Unicode char U+04AE (decimal 1198)
   defining Unicode char U+04AF (decimal 1199)
   defining Unicode char U+04B0 (decimal 1200)
   defining Unicode char U+04B1 (decimal 1201)
   defining Unicode char U+04B2 (decimal 1202)
   defining Unicode char U+04B3 (decimal 1203)
   defining Unicode char U+04B6 (decimal 1206)
   defining Unicode char U+04B7 (decimal 1207)
   defining Unicode char U+04B8 (decimal 1208)
   defining Unicode char U+04B9 (decimal 1209)
   defining Unicode char U+04BA (decimal 1210)
   defining Unicode char U+04BB (decimal 1211)
   defining Unicode char U+04C0 (decimal 1216)
   defining Unicode char U+04C1 (decimal 1217)
   defining Unicode char U+04C2 (decimal 1218)
   defining Unicode char U+04D0 (decimal 1232)
   defining Unicode char U+04D1 (decimal 1233)
   defining Unicode char U+04D2 (decimal 1234)
   defining Unicode char U+04D3 (decimal 1235)
   defining Unicode char U+04D4 (decimal 1236)
   defining Unicode char U+04D5 (decimal 1237)
   defining Unicode char U+04D6 (decimal 1238)
   defining Unicode char U+04D7 (decimal 1239)
   defining Unicode char U+04D8 (decimal 1240)
   defining Unicode char U+04D9 (decimal 1241)
   defining Unicode char U+04DA (decimal 1242)
   defining Unicode char U+04DB (decimal 1243)
   defining Unicode char U+04DC (decimal 1244)
   defining Unicode char U+04DD (decimal 1245)
   defining Unicode char U+04DE (decimal 1246)
   defining Unicode char U+04DF (decimal 1247)
   defining Unicode char U+04E2 (decimal 1250)
   defining Unicode char U+04E3 (decimal 1251)
   defining Unicode char U+04E4 (decimal 1252)
   defining Unicode char U+04E5 (decimal 1253)
   defining Unicode char U+04E6 (decimal 1254)
   defining Unicode char U+04E7 (decimal 1255)
   defining Unicode char U+04E8 (decimal 1256)
   defining Unicode char U+04E9 (decimal 1257)
   defining Unicode char U+04EC (decimal 1260)
   defining Unicode char U+04ED (decimal 1261)
   defining Unicode char U+04EE (decimal 1262)
   defining Unicode char U+04EF (decimal 1263)
   defining Unicode char U+04F0 (decimal 1264)
   defining Unicode char U+04F1 (decimal 1265)
   defining Unicode char U+04F2 (decimal 1266)
   defining Unicode char U+04F3 (decimal 1267)
   defining Unicode char U+04F4 (decimal 1268)
   defining Unicode char U+04F5 (decimal 1269)
   defining Unicode char U+04F8 (decimal 1272)
   defining Unicode char U+04F9 (decimal 1273)
   defining Unicode char U+200C (decimal 8204)
   defining Unicode char U+2013 (decimal 8211)
   defining Unicode char U+2014 (decimal 8212)
   defining Unicode char U+2018 (decimal 8216)
   defining Unicode char U+2019 (decimal 8217)
   defining Unicode char U+201C (decimal 8220)
   defining Unicode char U+201D (decimal 8221)
   defining Unicode char U+201E (decimal 8222)
   defining Unicode char U+2030 (decimal 8240)
   defining Unicode char U+2031 (decimal 8241)
   defining Unicode char U+2116 (decimal 8470)
   defining Unicode char U+2329 (decimal 9001)
   defining Unicode char U+3008 (decimal 12296)
   defining Unicode char U+232A (decimal 9002)
   defining Unicode char U+3009 (decimal 12297)
   defining Unicode char U+2423 (decimal 9251)
   defining Unicode char U+27E8 (decimal 10216)
   defining Unicode char U+27E9 (decimal 10217)
   defining Unicode char U+FB00 (decimal 64256)
   defining Unicode char U+FB01 (decimal 64257)
   defining Unicode char U+FB02 (decimal 64258)
   defining Unicode char U+FB03 (decimal 64259)
   defining Unicode char U+FB04 (decimal 64260)
   defining Unicode char U+FB05 (decimal 64261)
   defining Unicode char U+FB06 (decimal 64262)
))
LaTeX Font Info:    Trying to load font information for T2A+cmr on input line 116.
 (/home/ilia/.miktex/texmfs/install/tex/latex/cyrillic/t2acmr.fd
File: t2acmr.fd 2001/08/11 v1.0a Computer Modern Cyrillic font definitions
)) (/home/ilia/.miktex/texmfs/install/tex/generic/babel/babel.sty
Package: babel 2026/06/14 v26.9 The multilingual framework for LuaLaTeX, pdfLaTeX and XeLaTeX
\babel@savecnt=\count287
LaTeX Encoding Info:    Redeclaring text command \ij (encoding OT1) on input line 2084.
LaTeX Encoding Info:    Redeclaring text command \IJ (encoding OT1) on input line 2086.
LaTeX Encoding Info:    Redeclaring text command \ij (encoding T1) on input line 2088.
LaTeX Encoding Info:    Redeclaring text command \IJ (encoding T1) on input line 2089.
LaTeX Encoding Info:    Ignoring declaration for text command \ij (encoding ?) on input line 2090.
LaTeX Encoding Info:    Ignoring declaration for text command \IJ (encoding ?) on input line 2092.
LaTeX Encoding Info:    Ignoring declaration for text command \SS (encoding ?) on input line 2117.
\U@D=\dimen159
\l@unhyphenated=\language1
 (/home/ilia/.miktex/texmfs/install/tex/generic/babel/txtbabel.def)
\bbl@readstream=\read2
\bbl@dirlevel=\count288
Package babel Info: Configuration files are deprecated, as
(babel)             they can break document portability.
(babel)             Reported on input line 4252.

*************************************
* Local config file bblopts.cfg used
*
(/home/ilia/.miktex/texmfs/install/tex/latex/arabi/bblopts.cfg
File: bblopts.cfg 2005/09/08 v0.1 add Arabic and Farsi to "declared" options of babel
) (/home/ilia/.miktex/texmfs/install/tex/generic/babel/locale/ru/babel-russian.tex) (/home/ilia/.miktex/texmfs/install/tex/generic/babel/locale/en/babel-english.tex)
Package babel Info: Importing font and identification data for 'russian'
(babel)             from babel-ru.ini. Reported on input line 4380.
 (/home/ilia/.miktex/texmfs/install/tex/latex/babel-russian/russianb.ldf
File: russianb.ldf 2021/01/10 1.3m Russian support for the Babel system
Language: russian 2020/09/09 1.3k Russian support for the Babel system


Package babel Warning: No hyphenation patterns were preloaded for
(babel)                the language 'Russian' into the format.
(babel)                Please, configure your TeX system to add them and
(babel)                rebuild the format. Now I will use the patterns
(babel)                preloaded for \language=0 instead on input line 32.

Package babel Info: Making " an active character on input line 124.
Package babel Info: Default for \cyrdash is provided on input line 163.
)
Package babel Info: Importing font and identification data for 'english'
(babel)             from babel-en.ini. Reported on input line 4380.
 (/home/ilia/.miktex/texmfs/install/tex/latex/babel-english/english.ldf
Language: english 2017/06/06 v3.3r English support from the babel system
)) (/home/ilia/.miktex/texmfs/install/tex/latex/amsmath/amsmath.sty
Package: amsmath 2026/05/19 v2.18d AMS math features
\@mathmargin=\skip51

For additional information on amsmath, use the `?' option.
(/home/ilia/.miktex/texmfs/install/tex/latex/amsmath/amstext.sty
Package: amstext 2024/11/17 v2.01 AMS text
 (/home/ilia/.miktex/texmfs/install/tex/latex/amsmath/amsgen.sty
File: amsgen.sty 1999/11/30 v2.0 generic functions
\@emptytoks=\toks21
\ex@=\dimen160
)) (/home/ilia/.miktex/texmfs/install/tex/latex/amsmath/amsbsy.sty
Package: amsbsy 1999/11/29 v1.2d Bold Symbols
\pmbraise@=\dimen161
) (/home/ilia/.miktex/texmfs/install/tex/latex/amsmath/amsopn.sty
Package: amsopn 2022/04/08 v2.04 operator names
)
\inf@bad=\count289
LaTeX Info: Redefining \frac on input line 233.
\uproot@=\count290
\leftroot@=\count291
LaTeX Info: Redefining \overline on input line 398.
LaTeX Info: Redefining \colon on input line 409.
\classnum@=\count292
\DOTSCASE@=\count293
LaTeX Info: Redefining \ldots on input line 495.
LaTeX Info: Redefining \dots on input line 498.
LaTeX Info: Redefining \cdots on input line 619.
\Mathstrutbox@=\box53
\strutbox@=\box54
LaTeX Info: Redefining \big on input line 721.
LaTeX Info: Redefining \Big on input line 722.
LaTeX Info: Redefining \bigg on input line 723.
LaTeX Info: Redefining \Bigg on input line 724.
\big@size=\dimen162
LaTeX Font Info:    Redeclaring font encoding OML on input line 742.
LaTeX Font Info:    Redeclaring font encoding OMS on input line 743.
\macc@depth=\count294
LaTeX Info: Redefining \bmod on input line 904.
LaTeX Info: Redefining \pmod on input line 909.
LaTeX Info: Redefining \smash on input line 939.
LaTeX Info: Redefining \relbar on input line 969.
LaTeX Info: Redefining \Relbar on input line 970.
\c@MaxMatrixCols=\count295
\dotsspace@=\muskip17
\c@parentequation=\count296
\dspbrk@lvl=\count297
\tag@help=\toks22
\row@=\count298
\column@=\count299
\maxfields@=\count300
\andhelp@=\toks23
\eqnshift@=\dimen163
\alignsep@=\dimen164
\tagshift@=\dimen165
\tagwidth@=\dimen166
\totwidth@=\dimen167
\lineht@=\dimen168
\@envbody=\toks24
\multlinegap=\skip52
\multlinetaggap=\skip53
\mathdisplay@stack=\toks25
LaTeX Info: Redefining \[ on input line 2965.
LaTeX Info: Redefining \] on input line 2966.
) (/home/ilia/.miktex/texmfs/install/tex/latex/amsfonts/amssymb.sty
Package: amssymb 2013/01/14 v3.01 AMS font symbols
 (/home/ilia/.miktex/texmfs/install/tex/latex/amsfonts/amsfonts.sty
Package: amsfonts 2013/01/14 v3.01 Basic AMSFonts support
\symAMSa=\mathgroup4
\symAMSb=\mathgroup5
LaTeX Font Info:    Redeclaring math symbol \hbar on input line 98.
LaTeX Font Info:    Overwriting math alphabet `\mathfrak' in version `bold'
(Font)                  U/euf/m/n --> U/euf/b/n on input line 106.
)) (/home/ilia/.miktex/texmfs/install/tex/latex/graphics/graphics.sty
Package: graphics 2026-05-17 v1.4h Standard LaTeX Graphics (DPC,SPQR)
 (/home/ilia/.miktex/texmfs/install/tex/latex/graphics/trig.sty
Package: trig 2023/12/02 v1.11 sin cos tan (DPC)
) (/home/ilia/.miktex/texmfs/install/tex/latex/graphics-cfg/graphics.cfg
File: graphics.cfg 2016/06/04 v1.11 sample graphics configuration
)
Package graphics Info: Driver file: pdftex.def on input line 106.
 (/home/ilia/.miktex/texmfs/install/tex/latex/graphics-def/pdftex.def
File: pdftex.def 2025/09/29 v1.2d Graphics/color driver for pdftex
)) (/home/ilia/.miktex/texmfs/install/tex/latex/graphics/graphicx.sty
Package: graphicx 2026-05-17 v1.2e Enhanced LaTeX Graphics (DPC,SPQR)
\Gin@req@height=\dimen169
\Gin@req@width=\dimen170
) (/home/ilia/.miktex/texmfs/install/tex/latex/xcolor/xcolor.sty
Package: xcolor 2024/09/29 v3.02 LaTeX color extensions (UK)
 (/home/ilia/.miktex/texmfs/install/tex/latex/graphics-cfg/color.cfg
File: color.cfg 2016/01/02 v1.6 sample color configuration
)
Package xcolor Info: Driver file: pdftex.def on input line 274.
 (/home/ilia/.miktex/texmfs/install/tex/latex/graphics/mathcolor.ltx)
Package xcolor Info: Model `cmy' substituted by `cmy0' on input line 1349.
Package xcolor Info: Model `hsb' substituted by `rgb' on input line 1353.
Package xcolor Info: Model `RGB' extended on input line 1365.
Package xcolor Info: Model `HTML' substituted by `rgb' on input line 1367.
Package xcolor Info: Model `Hsb' substituted by `hsb' on input line 1368.
Package xcolor Info: Model `tHsb' substituted by `hsb' on input line 1369.
Package xcolor Info: Model `HSB' substituted by `hsb' on input line 1370.
Package xcolor Info: Model `Gray' substituted by `gray' on input line 1371.
Package xcolor Info: Model `wave' substituted by `hsb' on input line 1372.
) (/home/ilia/.miktex/texmfs/install/tex/latex/cite/cite.sty
LaTeX Info: Redefining \cite on input line 302.
LaTeX Info: Redefining \nocite on input line 332.
Package: cite 2015/02/27  v 5.5
) (/home/ilia/.miktex/texmfs/install/tex/latex/graphics/lscape.sty
Package: lscape 2020/05/28 v3.02 Landscape Pages (DPC)
) (/home/ilia/.miktex/texmfs/install/tex/latex/caption/caption.sty
Package: caption 2023/08/05 v3.6o Customizing captions (AR)
 (/home/ilia/.miktex/texmfs/install/tex/latex/caption/caption3.sty
Package: caption3 2023/07/31 v2.4d caption3 kernel (AR)
\caption@tempdima=\dimen171
\captionmargin=\dimen172
\caption@leftmargin=\dimen173
\caption@rightmargin=\dimen174
\caption@width=\dimen175
\caption@indent=\dimen176
\caption@parindent=\dimen177
\caption@hangindent=\dimen178
Package caption Info: Standard document class detected.
)
\c@caption@flags=\count301
\c@continuedfloat=\count302
) (/home/ilia/.miktex/texmfs/install/tex/latex/caption/subcaption.sty
Package: subcaption 2023/07/28 v1.6b Sub-captions (AR)
Package caption Info: New subtype `subfigure' on input line 238.
\c@subfigure=\count303
Package caption Info: New subtype `subtable' on input line 238.
\c@subtable=\count304
) (/home/ilia/.miktex/texmfs/install/tex/latex/float/float.sty
Package: float 2001/11/08 v1.3d Float enhancements (AL)
\c@float@type=\count305
\float@exts=\toks26
\float@box=\box55
\@float@everytoks=\toks27
\@floatcapt=\box56
) (/home/ilia/.miktex/texmfs/install/tex/latex/tools/indentfirst.sty
Package: indentfirst 2023/07/02 v1.03 Indent first paragraph (DPC)
) (/home/ilia/.miktex/texmfs/install/tex/latex/hyperref/hyperref.sty
Package: hyperref 2026-06-17 v7.01r Hypertext links for LaTeX
 (/home/ilia/.miktex/texmfs/install/tex/latex/kvsetkeys/kvsetkeys.sty
Package: kvsetkeys 2022-10-05 v1.19 Key value parser (HO)
) (/home/ilia/.miktex/texmfs/install/tex/generic/kvdefinekeys/kvdefinekeys.sty
Package: kvdefinekeys 2019-12-19 v1.6 Define keys (HO)
) (/home/ilia/.miktex/texmfs/install/tex/generic/pdfescape/pdfescape.sty
Package: pdfescape 2019/12/09 v1.15 Implements pdfTeX's escape features (HO)
 (/home/ilia/.miktex/texmfs/install/tex/generic/ltxcmds/ltxcmds.sty
Package: ltxcmds 2023-12-04 v1.26 LaTeX kernel commands for general use (HO)
) (/home/ilia/.miktex/texmfs/install/tex/generic/pdftexcmds/pdftexcmds.sty
Package: pdftexcmds 2020-06-27 v0.33 Utility functions of pdfTeX for LuaTeX (HO)
 (/home/ilia/.miktex/texmfs/install/tex/generic/infwarerr/infwarerr.sty
Package: infwarerr 2019/12/03 v1.5 Providing info/warning/error messages (HO)
)
Package pdftexcmds Info: \pdf@primitive is available.
Package pdftexcmds Info: \pdf@ifprimitive is available.
Package pdftexcmds Info: \pdfdraftmode found.
)) (/home/ilia/.miktex/texmfs/install/tex/latex/hycolor/hycolor.sty
Package: hycolor 2020-01-27 v1.10 Color options for hyperref/bookmark (HO)
) (/home/ilia/.miktex/texmfs/install/tex/latex/hyperref/nameref.sty
Package: nameref 2026-01-29 v2.58 Cross-referencing by name of section
 (/home/ilia/.miktex/texmfs/install/tex/latex/refcount/refcount.sty
Package: refcount 2019/12/15 v3.6 Data extraction from label references (HO)
) (/home/ilia/.miktex/texmfs/install/tex/generic/gettitlestring/gettitlestring.sty
Package: gettitlestring 2019/12/15 v1.6 Cleanup title references (HO)
 (/home/ilia/.miktex/texmfs/install/tex/latex/kvoptions/kvoptions.sty
Package: kvoptions 2022-06-15 v3.15 Key value format for package options (HO)
))
\c@section@level=\count306
) (/home/ilia/.miktex/texmfs/install/tex/latex/etoolbox/etoolbox.sty
Package: etoolbox 2025/10/02 v2.5m e-TeX tools for LaTeX (JAW)
\etb@tempcnta=\count307
) (/home/ilia/.miktex/texmfs/install/tex/generic/stringenc/stringenc.sty
Package: stringenc 2019/11/29 v1.12 Convert strings between diff. encodings (HO)
)
\@linkdim=\dimen179
\Hy@linkcounter=\count308
\Hy@pagecounter=\count309
 (/home/ilia/.miktex/texmfs/install/tex/latex/hyperref/pd1enc.def
File: pd1enc.def 2026-06-17 v7.01r Hyperref: PDFDocEncoding definition (HO)
Now handling font encoding PD1 ...
... no UTF-8 mapping file for font encoding PD1
) (/home/ilia/.miktex/texmfs/install/tex/generic/intcalc/intcalc.sty
Package: intcalc 2019/12/15 v1.3 Expandable calculations with integers (HO)
)
\Hy@SavedSpaceFactor=\count310
 (/home/ilia/.miktex/texmfs/install/tex/latex/hyperref/puenc.def
File: puenc.def 2026-06-17 v7.01r Hyperref: PDF Unicode definition (HO)
Now handling font encoding PU ...
... no UTF-8 mapping file for font encoding PU
)
Package hyperref Info: Option `unicode' set `true' on input line 3164.
Package hyperref Info: Hyper figures OFF on input line 4199.
Package hyperref Info: Link nesting OFF on input line 4204.
Package hyperref Info: Hyper index ON on input line 4207.
Package hyperref Info: Plain pages OFF on input line 4214.
Package hyperref Info: Backreferencing OFF on input line 4219.
Package hyperref Info: Implicit mode ON; LaTeX internals redefined.
Package hyperref Info: Bookmarks ON on input line 4466.
\c@Hy@tempcnt=\count311
 (/home/ilia/.miktex/texmfs/install/tex/latex/url/url.sty
\Urlmuskip=\muskip18
Package: url 2013/09/16  ver 3.4  Verb mode for urls, etc.
)
LaTeX Info: Redefining \url on input line 4805.
\XeTeXLinkMargin=\dimen180
 (/home/ilia/.miktex/texmfs/install/tex/generic/bitset/bitset.sty
Package: bitset 2019/12/09 v1.3 Handle bit-vector datatype (HO)
 (/home/ilia/.miktex/texmfs/install/tex/generic/bigintcalc/bigintcalc.sty
Package: bigintcalc 2019/12/15 v1.5 Expandable calculations on big integers (HO)
))
\Fld@menulength=\count312
\Field@Width=\dimen181
\Fld@charsize=\dimen182
Package hyperref Info: Hyper figures OFF on input line 6091.
Package hyperref Info: Link nesting OFF on input line 6096.
Package hyperref Info: Hyper index ON on input line 6099.
Package hyperref Info: backreferencing OFF on input line 6106.
Package hyperref Info: Link coloring OFF on input line 6111.
Package hyperref Info: Link coloring with OCG OFF on input line 6116.
Package hyperref Info: PDF/A mode OFF on input line 6121.
\Hy@abspage=\count313
\c@Item=\count314
\c@Hfootnote=\count315
)
Package hyperref Info: Driver (autodetected): hpdftex.
 (/home/ilia/.miktex/texmfs/install/tex/latex/hyperref/hpdftex.def
File: hpdftex.def 2026-06-17 v7.01r Hyperref driver for pdfTeX
\Fld@listcount=\count316
\c@bookmark@seq@number=\count317
 (/home/ilia/.miktex/texmfs/install/tex/latex/rerunfilecheck/rerunfilecheck.sty
Package: rerunfilecheck 2025-06-21 v1.11 Rerun checks for auxiliary files (HO)
 (/home/ilia/.miktex/texmfs/install/tex/generic/uniquecounter/uniquecounter.sty
Package: uniquecounter 2019/12/15 v1.4 Provide unlimited unique counter (HO)
)
Package uniquecounter Info: New unique counter `rerunfilecheck' on input line 284.
)
\Hy@SectionHShift=\skip54
) (/home/ilia/.miktex/texmfs/install/tex/latex/overpic/overpic.sty
Package: overpic 2026/01/06 2.2 picture overlays (RN)
 (/home/ilia/.miktex/texmfs/install/tex/latex/eepic/epic.sty
Enhancements to Picture Environment. Version 1.2 - Released June 1, 1986
\@@multicnt=\count318
\d@lta=\count319
\@delta=\dimen183
\@@delta=\dimen184
\@gridcnt=\count320
\@joinkind=\count321
\@dotgap=\dimen185
\@ddotgap=\dimen186
\@x@diff=\count322
\@y@diff=\count323
\x@diff=\dimen187
\y@diff=\dimen188
\@dotbox=\box57
\num@segments=\count324
\num@segmentsi=\count325
\@datafile=\read3
)
\OVP@box=\box58
\OVP@totalheight=\dimen189
) (/home/ilia/.miktex/texmfs/install/tex/latex/multirow/multirow.sty
Package: multirow 2024/11/12 v2.9 Span multiple rows of a table
\multirow@colwidth=\skip55
\multirow@cntb=\count326
\multirow@dima=\skip56
\bigstrutjot=\dimen190
) (/home/ilia/.miktex/texmfs/install/tex/latex/siunitx/siunitx.sty
Package: siunitx 2026-05-15 v3.5.5 A comprehensive (SI) units package
\l__siunitx_number_uncert_offset_int=\count327
\l__siunitx_number_exponent_fixed_int=\count328
\l__siunitx_number_min_decimal_int=\count329
\l__siunitx_number_min_integer_int=\count330
\l__siunitx_number_round_precision_int=\count331
\l__siunitx_number_lower_threshold_int=\count332
\l__siunitx_number_upper_threshold_int=\count333
\l__siunitx_number_group_first_int=\count334
\l__siunitx_number_group_size_int=\count335
\l__siunitx_number_group_min_int=\count336
\l__siunitx_number_group_minimum_int=\count337
\l__siunitx_compound_count_int=\count338
 (/home/ilia/.miktex/texmfs/install/tex/latex/translations/translations.sty
Package: translations 2022/02/05 v1.12 internationalization of LaTeX2e packages (CN)
)
\l__siunitx_table_tmp_box=\box59
\l__siunitx_table_tmp_dim=\dimen191
\l__siunitx_table_column_width_dim=\dimen192
\l__siunitx_table_integer_box=\box60
\l__siunitx_table_decimal_box=\box61
\l__siunitx_table_uncert_box=\box62
\l__siunitx_table_before_box=\box63
\l__siunitx_table_after_box=\box64
\l__siunitx_table_before_dim=\dimen193
\l__siunitx_table_carry_dim=\dimen194
\l__siunitx_unit_tmp_int=\count339
\l__siunitx_unit_position_int=\count340
\l__siunitx_unit_total_int=\count341
\l__siunitx_sexagesimal_tmp_dim=\dimen195
\l__siunitx_sexagesimal_marker_box=\box65
\l__siunitx_sexagesimal_unit_box=\box66
 (/home/ilia/.miktex/texmfs/install/tex/latex/tools/array.sty
Package: array 2026/02/24 v2.7b Tabular extension package (FMi)
\col@sep=\dimen196
\ar@mcellbox=\box67
\extrarowheight=\dimen197
\NC@list=\toks28
\extratabsurround=\skip57
\backup@length=\skip58
\ar@cellbox=\box68
)) (/home/ilia/.miktex/texmfs/install/tex/latex/l3backend/l3backend-pdftex.def
File: l3backend-pdftex.def 2026-02-18 L3 backend support: PDF output (pdfTeX)
\l__color_backend_stack_int=\count342
)

LaTeX Warning: Unused global option(s):
    [14pt].

(NIR.aux

LaTeX Warning: Label `fig:zebra' multiply defined.


LaTeX Warning: Label `fig:profile5000' multiply defined.


LaTeX Warning: Label `fig:profile5000' multiply defined.


LaTeX Warning: Label `fig:profile5000' multiply defined.


LaTeX Warning: Label `fig:profilerev10000' multiply defined.

)
\openout1 = `NIR.aux'.

LaTeX Font Info:    Checking defaults for OML/cmm/m/it on input line 47.
LaTeX Font Info:    ... okay on input line 47.
LaTeX Font Info:    Checking defaults for OMS/cmsy/m/n on input line 47.
LaTeX Font Info:    ... okay on input line 47.
LaTeX Font Info:    Checking defaults for OT1/cmr/m/n on input line 47.
LaTeX Font Info:    ... okay on input line 47.
LaTeX Font Info:    Checking defaults for T1/cmr/m/n on input line 47.
LaTeX Font Info:    ... okay on input line 47.
LaTeX Font Info:    Checking defaults for TS1/cmr/m/n on input line 47.
LaTeX Font Info:    ... okay on input line 47.
LaTeX Font Info:    Checking defaults for OMX/cmex/m/n on input line 47.
LaTeX Font Info:    ... okay on input line 47.
LaTeX Font Info:    Checking defaults for U/cmr/m/n on input line 47.
LaTeX Font Info:    ... okay on input line 47.
LaTeX Font Info:    Checking defaults for T2A/cmr/m/n on input line 47.
LaTeX Font Info:    ... okay on input line 47.
LaTeX Font Info:    Checking defaults for PD1/pdf/m/n on input line 47.
LaTeX Font Info:    ... okay on input line 47.
LaTeX Font Info:    Checking defaults for PU/pdf/m/n on input line 47.
LaTeX Font Info:    ... okay on input line 47.

*geometry* driver: auto-detecting
*geometry* detected driver: pdftex
*geometry* verbose mode - [ preamble ] result:
* driver: pdftex
* paper: a4paper
* layout: <same size as paper>
* layoutoffset:(h,v)=(0.0pt,0.0pt)
* modes: 
* h-part:(L,W,R)=(56.9055pt, 483.69687pt, 56.9055pt)
* v-part:(T,H,B)=(42.67912pt, 717.00946pt, 85.35826pt)
* \paperwidth=597.50787pt
* \paperheight=845.04684pt
* \textwidth=483.69687pt
* \textheight=717.00946pt
* \oddsidemargin=-15.36449pt
* \evensidemargin=-15.36449pt
* \topmargin=-66.59087pt
* \headheight=12.0pt
* \headsep=25.0pt
* \topskip=10.0pt
* \footskip=30.0pt
* \marginparwidth=57.0pt
* \marginparsep=11.0pt
* \columnsep=10.0pt
* \skip\footins=9.0pt plus 4.0pt minus 2.0pt
* \hoffset=0.0pt
* \voffset=0.0pt
* \mag=1000
* \@twocolumnfalse
* \@twosidefalse
* \@mparswitchfalse
* \@reversemarginfalse
* (1in=72.27pt=25.4mm, 1cm=28.453pt)

LaTeX Info: Redefining \th on input line 47.
(/home/ilia/.miktex/texmfs/install/tex/context/base/mkii/supp-pdf.mkii
[Loading MPS to PDF converter (version 2006.09.02).]
\scratchcounter=\count343
\scratchdimen=\dimen198
\scratchbox=\box69
\nofMPsegments=\count344
\nofMParguments=\count345
\everyMPshowfont=\toks29
\MPscratchCnt=\count346
\MPscratchDim=\dimen199
\MPnumerator=\count347
\makeMPintoPDFobject=\count348
\everyMPtoPDFconversion=\toks30
) (/home/ilia/.miktex/texmfs/install/tex/latex/epstopdf-pkg/epstopdf-base.sty
Package: epstopdf-base 2020-01-24 v2.11 Base part for package epstopdf
Package epstopdf-base Info: Redefining graphics rule for `.eps' on input line 485.
 (/home/ilia/.miktex/texmfs/install/tex/latex/00miktex/epstopdf-sys.cfg
File: epstopdf-sys.cfg 2021/03/18 v2.0 Configuration of epstopdf for MiKTeX
))
Package caption Info: Begin \AtBeginDocument code.
Package caption Info: float package is loaded.
Package caption Info: hyperref package is loaded.
Package caption Info: End \AtBeginDocument code.
Package hyperref Info: Link coloring OFF on input line 47.
 (NIR.out) (NIR.out)
\@outlinefile=\write3
\openout3 = `NIR.out'.

 (/home/ilia/.miktex/texmfs/install/tex/latex/translations/dicts/translations-basic-dictionary-english.trsl
File: translations-basic-dictionary-english.trsl (english translation file `translations-basic-dictionary')
)
Package translations Info: loading dictionary `translations-basic-dictionary' for `english'. on input line 47.
Package translations Info: no dictionary file `translations-basic-dictionary-russian.trsl' found. on input line 47.
Package babel Info: Main language set to 'english'.
 (titlepageFKI.tex
<./images/logo/msu.png, id=119, 187.902pt x 101.178pt>
File: ./images/logo/msu.png Graphic file (type png)
<use ./images/logo/msu.png>
Package pdftex.def Info: ./images/logo/msu.png  used on input line 3.
(pdftex.def)             Requested size: 386.95897pt x 208.39037pt.
 [1


{/home/ilia/.miktex/texmfs/data/fonts/map/pdftex/pdftex.map} <./images/logo/msu.png>]) (NIR.toc
LaTeX Font Info:    Trying to load font information for U+msa on input line 4.
 (/home/ilia/.miktex/texmfs/install/tex/latex/amsfonts/umsa.fd
File: umsa.fd 2013/01/14 v3.01 AMS symbols A
)
LaTeX Font Info:    Trying to load font information for U+msb on input line 4.
 (/home/ilia/.miktex/texmfs/install/tex/latex/amsfonts/umsb.fd
File: umsb.fd 2013/01/14 v3.01 AMS symbols B
))
\tf@toc=\write4
\openout4 = `NIR.toc'.


pdfTeX warning (ext4): destination with the same identifier (name{page.1}) has been already used, duplicate ignored
<to be read again> 
                   \relax 
l.53 \newpage
              [1] (introduction.tex
Overfull \hbox (6.64636pt too wide) in paragraph at lines 1--2
\T2A/cmr/m/n/10 преобразующие пространственную ориентацию в цифровой сигнал. Среди них наибольшее распространение
 []


Overfull \hbox (38.17003pt too wide) in paragraph at lines 1--2
\T2A/cmr/m/n/10 получили \T2A/cmr/m/it/10 абсолютные энкодеры\T2A/cmr/m/n/10 , обеспечивающие однозначное определение углового положения без необходимости
 []


Overfull \hbox (9.84003pt too wide) in paragraph at lines 1--2
\T2A/cmr/m/n/10 повторной калибровки при прерывании работы. Важное преимущество абсолютного энкодера это отсутствие
 []


Overfull \hbox (47.36789pt too wide) in paragraph at lines 1--2
\T2A/cmr/m/n/10 необходимости инициализации путем поворота до срабатывания нулевой точки отсчета, что требует дополнительного
 []


Overfull \hbox (25.62686pt too wide) in paragraph at lines 3--4
[]\T2A/cmr/m/n/10 Актуальность разработки и совершенствования таких устройств обусловлена постоянным ростом требований
 []


Overfull \hbox (29.67776pt too wide) in paragraph at lines 5--6
\T2A/cmr/m/n/10 применения в робототехнике, станках и системах автоматизации, где требования к точности и термостабильности
 []


Overfull \hbox (18.81006pt too wide) in paragraph at lines 5--6
\T2A/cmr/m/n/10 менее жесткие, чем в астрономии. Использование таких систем в телескопах зачастую требует дополнительной
 []


Overfull \hbox (3.90628pt too wide) in paragraph at lines 5--6
\T2A/cmr/m/n/10 построения и создание прототипа абсолютного датчика угла, оптимизированного для условий эксплуатации
 []


Overfull \hbox (36.73773pt too wide) in paragraph at lines 12--13
[]\T2A/cmr/m/n/10 определить ключевые метрологические и эксплуатационные требования к датчику угла для астрономических
 []

)
Overfull \hbox (22.04074pt too wide) in paragraph at lines 17--56
\T2A/cmr/m/n/10 анализ существующих технологий, и практическую часть, посвященную разработке и исследованию прототипа.
 []

(literary_review.tex
Overfull \hbox (1.37354pt too wide) in paragraph at lines 3--4
[]\T2A/cmr/m/n/10 Существует два основных типа энкодеров: инкрементальные и абсолютные. Инкрементальные датчики
 []


Overfull \hbox (9.70117pt too wide) in paragraph at lines 3--4
\T2A/cmr/m/n/10 или подаваться на вход счетчика для отслеживания положения. По другому принципу работают абсолютные
 []


Overfull \hbox (2.93796pt too wide) in paragraph at lines 5--6
[]\T2A/cmr/m/n/10 Основным преимуществом абсолютных датчиков является то, что в случае прерывания или отключения
 []


Overfull \hbox (12.51529pt too wide) in paragraph at lines 7--8
\T2A/cmr/m/n/10 перемещения там, где допустим цикл калибровки при включении и не требуется знать абсолютное положение.
 []

[2]
Overfull \hbox (30.89969pt too wide) in paragraph at lines 11--12
\T2A/cmr/m/n/10 поскольку все больше устройств и компонентов подключается к полевым шинам при модернизации оборудования;
 []


Overfull \hbox (6.59183pt too wide) in paragraph at lines 13--14
[]\T2A/cmr/m/n/10 Основным функциональным элементом абсолютного энкодера является \T2A/cmr/m/it/10 измерительная шкала \T2A/cmr/m/n/10 (кодовый
 []


Overfull \hbox (31.5273pt too wide) in paragraph at lines 13--14
\T2A/cmr/m/n/10 диск или кольцо, например), содержащая последовательность меток, и \T2A/cmr/m/it/10 считывающее устройство \T2A/cmr/m/n/10 (считывающая
 []


Overfull \hbox (12.56158pt too wide) in paragraph at lines 13--14
\T2A/cmr/m/n/10 головка), преобразующее данные со шкалы в цифровой код. По способу формирования сигнала и физическом
 []


Overfull \hbox (4.29507pt too wide) in paragraph at lines 13--14
\T2A/cmr/m/n/10 несколько основных групп: механические, резистивные, магнитные, оптические, индуктивные и емкостные.
 []


Overfull \hbox (12.71582pt too wide) in paragraph at lines 21--22
[]\T2A/cmr/m/n/10 Измерение углового положения в конструкциях емкостных энкодеров осуществляется за счет изменения
 []


Overfull \hbox (6.4107pt too wide) in paragraph at lines 36--37
[]\T2A/cmr/m/n/10 В астрономических установках схемы емкостных энкодеров используются редко, в основном в качестве
 []


Overfull \hbox (25.5727pt too wide) in paragraph at lines 42--43
[]\T2A/cmr/m/n/10 Современные реализации, например Zettlex IncOder (Celera Motion), а также энкодеры LENZ выполняются
 []


Overfull \hbox (5.94507pt too wide) in paragraph at lines 46--47
[]\T2A/cmr/m/n/10 Не требуется специальная защита от пыли (немагнитной), влаги, смазки, не подвержены влиянию
 []

[3]
Overfull \hbox (35.15479pt too wide) in paragraph at lines 58--59
\T2A/cmr/m/n/10 конструкция включает источник света (светодиод или лазер), кодовый диск с прозрачными и непрозрачными
 []


Overfull \hbox (1.73703pt too wide) in paragraph at lines 58--59
\T2A/cmr/m/n/10 абсолютного кода, что требует высокой точности изготовления и юстировки. Современные тенденции
 []


Overfull \hbox (14.88196pt too wide) in paragraph at lines 58--59
\T2A/cmr/m/n/10 развития связаны с переходом на однодорожечные системы, в которых используется последовательность
 []


Overfull \hbox (5.02325pt too wide) in paragraph at lines 60--61
\T2A/cmr/m/n/10 кольцевых измерительных элементов с большим внутренним диаметром, что облегчает их интеграцию
 []


Overfull \hbox (4.8844pt too wide) in paragraph at lines 78--79
[]\T2A/cmr/m/n/10 Магнитные энкодеры работают на основе регистрации магнитного поля, создаваемого намагниченным
 []


Overfull \hbox (14.56723pt too wide) in paragraph at lines 101--102
\T2A/cmr/m/n/10 надежно фиксирует число оборотов даже при внезапном отключении питания. Технология используется
 []

[4]
Overfull \hbox (6.13162pt too wide) in paragraph at lines 104--105
[]\T2A/cmr/m/n/10 Сравнительный анализ показывает, что оптические энкодеры обеспечивают наилучшие метрологические
 []


Overfull \hbox (19.6802pt too wide) in paragraph at lines 104--105
\T2A/cmr/m/n/10 характеристики: высокое разрешение, низкий уровень шумов и минимальную ошибку, так что они оптимальны
 []


Overfull \hbox (7.7572pt too wide) in paragraph at lines 104--105
\T2A/cmr/m/n/10 для главных осей телескопов. Индуктивные энкодеры представляют собой надежное и менее требовательное
 []


Overfull \hbox (0.34235pt too wide) in paragraph at lines 104--105
\T2A/cmr/m/n/10 решение, обеспечивающее достаточную точность для крупных механических систем. Магнитные энкодеры
 []


Overfull \hbox (32.47339pt too wide) in paragraph at lines 106--107
\T2A/cmr/m/n/10 используется оптический принцип измерения. Комбинация источника излучения и линейного пзс-фотоприемника
 []


Overfull \hbox (8.17377pt too wide) in paragraph at lines 106--107
\T2A/cmr/m/n/10 обработки изображения и последующей коррекции ошибок. Такая конструкция может стать технологически
 []


Overfull \hbox (25.74506pt too wide) in paragraph at lines 114--115
[]\T2A/cmr/bx/n/10 Параллельные \T2A/cmr/m/n/10 --- каждый бит выходного кода передается по отдельной паре проводников. Обеспечивают
 []


Overfull \hbox (6.89317pt too wide) in paragraph at lines 116--117
[]\T2A/cmr/bx/n/10 Последовательные \T2A/cmr/m/n/10 --- биты передаются поочередно по одной или двум парам проводников; являются
 []


Overfull \hbox (21.66856pt too wide) in paragraph at lines 118--119
[]\T2A/cmr/bx/n/10 Полевые шины и промышленный Ethernet \T2A/cmr/m/n/10 (CANopen, PROFIBUS, EtherCAT и др.) ^^V применяются
 []


Overfull \hbox (1.40945pt too wide) in paragraph at lines 123--124
[]\T2A/cmr/m/n/10 В системах точного позиционирования, типичными интерфейсами для абсолютных энкодеров являются
 []


Overfull \hbox (8.50389pt too wide) in paragraph at lines 136--137
\T2A/cmr/m/n/10 тактовых импульсов; энкодер по первому тактовому фронту фиксирует текущее положение в выходном
 []


Overfull \hbox (7.99365pt too wide) in paragraph at lines 138--139
[]\T2A/cmr/m/n/10 Простота и открытость SSI обусловили его широкое применение в системах точного позиционирования.
 []


Overfull \hbox (9.24445pt too wide) in paragraph at lines 138--139
\T2A/cmr/m/n/10 Недостаток --- отсутствие возможности записи конфигурационных параметров и диагностики энкодера. 
 []

[5]
Overfull \hbox (8.9721pt too wide) in paragraph at lines 145--146
[]\T2A/cmr/m/n/10 Двунаправленная связь: контроллер может и читать положение, и записывать конфигурационные
 []


Overfull \hbox (28.26064pt too wide) in paragraph at lines 150--151
[]\T2A/cmr/bx/n/10 EnDat \T2A/cmr/m/n/10 --- проприетарный последовательный протокол компании Heidenhain, применяемый в высокоточных
 []


Overfull \hbox (19.42715pt too wide) in paragraph at lines 150--151
\T2A/cmr/m/n/10 энкодерах этого производителя. По функциональности близок к BiSS-C: поддерживает двунаправленную
 []


Overfull \hbox (5.03687pt too wide) in paragraph at lines 205--206
[]\T2A/cmr/m/n/10 Для абсолютных энкодеров шаг квантования определяется разрядностью выходного кода: $\OML/cmm/m/it/10 N$\T2A/cmr/m/n/10 -разрядный
 []


Overfull \hbox (11.27956pt too wide) in paragraph at lines 205--206
\T2A/cmr/m/n/10 энкодер дискретизирует полный оборот $\OT1/cmr/m/n/10 360[]$ \T2A/cmr/m/n/10 на $\OT1/cmr/m/n/10 2[]$ \T2A/cmr/m/n/10 уникальных кодовых состояний. Например, 13[]разрядный
 []


Overfull \hbox (24.73819pt too wide) in paragraph at lines 209--210
[]\T2A/cmr/m/n/10 Следует подчеркнуть, что разрешение характеризует лишь дискретность представления углового положения
 []


Overfull \hbox (13.29288pt too wide) in paragraph at lines 217--218
\T2A/cmr/m/n/10 высокая повторяемость нередко является более критичным параметром, чем абсолютная точность, поскольку
 []


Overfull \hbox (7.09995pt too wide) in paragraph at lines 217--218
\T2A/cmr/m/n/10 систематическую составляющую ошибки можно компенсировать калибровкой, тогда как случайный разброс
 []

[6]
Overfull \hbox (22.4332pt too wide) in paragraph at lines 221--222
[]\T2A/cmr/m/n/10 Кодовый растр оптического энкодера представляет собой систему из одной или нескольких концентрических
 []


Overfull \hbox (3.67487pt too wide) in paragraph at lines 221--222
\T2A/cmr/m/n/10 дорожек с чередованием прозрачных и непрозрачных участков, считываемых головками энкодера. Каждая
 []


Overfull \hbox (9.23831pt too wide) in paragraph at lines 221--222
\T2A/cmr/m/n/10 дорожка формирует один бит в многодорожечных абсолютных энкодерах или один/несколько квадратурных
 []


Overfull \hbox (9.83893pt too wide) in paragraph at lines 221--222
\T2A/cmr/m/n/10 сигналов в инкрементных энкодерах. В общем случае различают два принципиальных подхода к построению
 []

<images/РјРЅРѕРіРѕРґРѕСЂРѕР¶РµС‡РЅС‹Рµ РґРёСЃРєРё.png, id=207, 2439.1125pt x 850.17625pt>
File: images/РјРЅРѕРіРѕРґРѕСЂРѕР¶РµС‡РЅС‹Рµ РґРёСЃРєРё.png Graphic file (type png)
<use images/РјРЅРѕРіРѕРґРѕСЂРѕР¶РµС‡РЅС‹Рµ РґРёСЃРєРё.png>
Package pdftex.def Info: images/РјРЅРѕРіРѕРґРѕСЂРѕР¶РµС‡РЅС‹Рµ РґРёСЃРєРё.png  used on input line 225.
(pdftex.def)             Requested size: 483.69687pt x 168.59227pt.

Overfull \hbox (15.48935pt too wide) in paragraph at lines 235--236
[]\T2A/cmr/m/n/10 В многодорожечных многооборотных энкодерах кодовый растр дополняется дополнительными дорожками
 []

<images/РґРІРѕРёС‡РЅС‹Р№ Рё РіСЂРµР№.png, id=209, 476.78125pt x 317.185pt>
File: images/РґРІРѕРёС‡РЅС‹Р№ Рё РіСЂРµР№.png Graphic file (type png)
<use images/РґРІРѕРёС‡РЅС‹Р№ Рё РіСЂРµР№.png>
Package pdftex.def Info: images/РґРІРѕРёС‡РЅС‹Р№ Рё РіСЂРµР№.png  used on input line 239.
(pdftex.def)             Requested size: 338.58632pt x 225.26099pt.
[7 <./images/РјРЅРѕРіРѕРґРѕСЂРѕР¶РµС‡РЅС‹Рµ РґРёСЃРєРё.png (PNG copy)>]
Overfull \hbox (13.12991pt too wide) in paragraph at lines 252--253
[]\T2A/cmr/m/n/10 Для инкрементных энкодеров основной задачей является формирование равномерной последовательности
 []


Overfull \hbox (11.3952pt too wide) in paragraph at lines 252--253
\T2A/cmr/m/n/10 импульсов, соответствующей приращению угла, без прямого кодирования абсолютного положения. Наиболее
 []


Overfull \hbox (10.21396pt too wide) in paragraph at lines 256--257
[]\T2A/cmr/m/n/10 Разрешение инкрементного энкодера определяется числом периодов сигнала на оборот (числом штрихов),
 []


Overfull \hbox (16.84756pt too wide) in paragraph at lines 256--257
\T2A/cmr/m/n/10 структуры, в которых на дополнительный канал выносятся, например, сдвинутые по фазе последовательности
 []

<images/ABZ РёРЅРєСЂРµРјРµРЅС‚Р°Р»СЊРЅС‹Р№ РґРёСЃРє .png, id=221, 671.50874pt x 324.21124pt>
File: images/ABZ РёРЅРєСЂРµРјРµРЅС‚Р°Р»СЊРЅС‹Р№ РґРёСЃРє .png Graphic file (type png)
<use images/ABZ РёРЅРєСЂРµРјРµРЅС‚Р°Р»СЊРЅС‹Р№ РґРёСЃРє .png>
Package pdftex.def Info: images/ABZ РёРЅРєСЂРµРјРµРЅС‚Р°Р»СЊРЅС‹Р№ РґРёСЃРє .png  used on input line 260.
(pdftex.def)             Requested size: 435.32422pt x 210.18074pt.
[8 <./images/РґРІРѕРёС‡РЅС‹Р№ Рё РіСЂРµР№.png (PNG copy)>]
<images/РІРµСЂРЅСЊРµСЂРЅС‹Рµ РґРѕСЂРѕР¶РєРё.png, id=233, 980.66376pt x 522.95375pt>
File: images/РІРµСЂРЅСЊРµСЂРЅС‹Рµ РґРѕСЂРѕР¶РєРё.png Graphic file (type png)
<use images/РІРµСЂРЅСЊРµСЂРЅС‹Рµ РґРѕСЂРѕР¶РєРё.png>
Package pdftex.def Info: images/РІРµСЂРЅСЊРµСЂРЅС‹Рµ РґРѕСЂРѕР¶РєРё.png  used on input line 267.
(pdftex.def)             Requested size: 411.14528pt x 219.24808pt.

Overfull \hbox (3.90994pt too wide) in paragraph at lines 274--275
[]\T2A/cmr/m/n/10 Существуют схемы кодирования абсолютного угла, основанные на оригинальных принципах построения
 []


Overfull \hbox (0.58304pt too wide) in paragraph at lines 274--275
\T2A/cmr/m/n/10 по одной кольцевой дорожке (см. рис. []5a[]) за счет использования нескольких пространственно разнесенных
 []

<images/РѕРґРЅРѕРґРѕСЂ РіСЂРµР№ РєРѕРґ.png, id=239, 1027.84pt x 1027.84pt>
File: images/РѕРґРЅРѕРґРѕСЂ РіСЂРµР№ РєРѕРґ.png Graphic file (type png)
<use images/РѕРґРЅРѕРґРѕСЂ РіСЂРµР№ РєРѕРґ.png>
Package pdftex.def Info: images/РѕРґРЅРѕРґРѕСЂ РіСЂРµР№ РєРѕРґ.png  used on input line 280.
(pdftex.def)             Requested size: 157.2pt x 157.19627pt.
<images/РѕРґРЅРѕРґРѕСЂ РіСЂРµР№ РіРѕР»РѕРІРєРё.png, id=240, 1027.84pt x 1027.84pt>
File: images/РѕРґРЅРѕРґРѕСЂ РіСЂРµР№ РіРѕР»РѕРІРєРё.png Graphic file (type png)
<use images/РѕРґРЅРѕРґРѕСЂ РіСЂРµР№ РіРѕР»РѕРІРєРё.png>
Package pdftex.def Info: images/РѕРґРЅРѕРґРѕСЂ РіСЂРµР№ РіРѕР»РѕРІРєРё.png  used on input line 286.
(pdftex.def)             Requested size: 157.2pt x 157.19627pt.
[9 <./images/ABZ РёРЅРєСЂРµРјРµРЅС‚Р°Р»СЊРЅС‹Р№ РґРёСЃРє .png (PNG copy)> <./images/РІРµСЂРЅСЊРµСЂРЅС‹Рµ РґРѕСЂРѕР¶РєРё.png>]
Overfull \hbox (5.85391pt too wide) in paragraph at lines 293--294
[]\T2A/cmr/m/n/10 Другой пример представляет собой кодовая структура вида ѕрепер^^Uкодї [[]29[]], в которой шкала разделена
 []

<images/РјРѕСЃС‚РєРѕРј РєРѕРЅС„РёРі.png, id=254, 688.5725pt x 364.36125pt>
File: images/РјРѕСЃС‚РєРѕРј РєРѕРЅС„РёРі.png Graphic file (type png)
<use images/РјРѕСЃС‚РєРѕРј РєРѕРЅС„РёРі.png>
Package pdftex.def Info: images/РјРѕСЃС‚РєРѕРј РєРѕРЅС„РёРі.png  used on input line 297.
(pdftex.def)             Requested size: 362.77264pt x 191.95967pt.
<images/РѕРґРЅРѕРґРѕСЂРѕР¶РµС‡РЅС‹Р№ РґРёСЃРє.png, id=258, 2881.76625pt x 1426.32875pt>
File: images/РѕРґРЅРѕРґРѕСЂРѕР¶РµС‡РЅС‹Р№ РґРёСЃРє.png Graphic file (type png)
<use images/РѕРґРЅРѕРґРѕСЂРѕР¶РµС‡РЅС‹Р№ РґРёСЃРє.png>
Package pdftex.def Info: images/РѕРґРЅРѕРґРѕСЂРѕР¶РµС‡РЅС‹Р№ РґРёСЃРє.png  used on input line 306.
(pdftex.def)             Requested size: 435.32422pt x 215.46356pt.
[10 <./images/РѕРґРЅРѕРґРѕСЂ РіСЂРµР№ РєРѕРґ.png> <./images/РѕРґРЅРѕРґРѕСЂ РіСЂРµР№ РіРѕР»РѕРІРєРё.png> <./images/РјРѕСЃС‚РєРѕРј РєРѕРЅС„РёРі.png>]
Overfull \hbox (10.37692pt too wide) in paragraph at lines 311--312
\T2A/cmr/m/n/10 алгоритма кодирования (код Грея, псевдослучайные последовательности, квадратурные последовательности
 []

) (problems.tex
Overfull \hbox (12.43564pt too wide) in paragraph at lines 3--4
[]\T2A/cmr/m/n/10 Полная погрешность оптического углового энкодера формируется из нескольких основных составляющих: 
 []


Overfull \hbox (12.1604pt too wide) in paragraph at lines 6--7
[]\T2A/cmr/bx/n/10 Ошибка нанесения шкалы \T2A/cmr/m/n/10 --- отклонение реального положения штрихов от расчетного, возникающее
 []

[11 <./images/РѕРґРЅРѕРґРѕСЂРѕР¶РµС‡РЅС‹Р№ РґРёСЃРє.png (PNG copy)>]
Overfull \hbox (42.42465pt too wide) in paragraph at lines 51--52
\T2A/cmr/m/n/10 точность при фиксированной амплитуде деформации --- при равных амплитудах первая гармоника (эксцентриситет)
 []


Overfull \hbox (1.60385pt too wide) in paragraph at lines 70--71
[]\T2A/cmr/m/n/10 В методах сравнительной калибровки измерения калибруемого энкодера сопоставляются с показаниями
 []


Overfull \hbox (7.80035pt too wide) in paragraph at lines 76--77
\T2A/cmr/m/n/10 смонтированному энкодеру, поскольку не учитывает установочные погрешности конкретного монтажа. 
 []


Overfull \hbox (36.73526pt too wide) in paragraph at lines 81--83
[]\T2A/cmr/m/n/10 Методы самокалибровки не требуют внешнего эталона в процессе работы и могут применяться непосредственно
 []

[12]
Overfull \hbox (2.57693pt too wide) in paragraph at lines 95--96
[]\T2A/cmr/m/n/10 При таком усреднении в выходном сигнале подавляются все гармоники инструментальной погрешности,
 []


Overfull \hbox (8.3533pt too wide) in paragraph at lines 97--100
[]\T2A/cmr/m/n/10 Например, в документации [[]17[]] Heidenhain описывает вычисление усредненной позиции по двум головкам
 []


Overfull \hbox (12.91103pt too wide) in paragraph at lines 101--102
 []\T2A/cmr/bx/n/10 Метод усреднения при равном делении (EDA)[] \T2A/cmr/m/n/10 [[]12[]] является базовым и наиболее строго обоснованным
 []


Overfull \hbox (7.82565pt too wide) in paragraph at lines 122--123
[]\T2A/cmr/m/n/10 Моделирование, проведенное в работе [[]13[]], показывает, что ансамбли считывающих головок с регулярной
 []


Overfull \hbox (7.01663pt too wide) in paragraph at lines 122--123
\T2A/cmr/m/n/10 локализацией обеспечивают существенно более точное восстановление калибровочных кривых по сравнению
 []


Overfull \hbox (27.57083pt too wide) in paragraph at lines 126--127
[]\T2A/cmr/m/n/10 Вместо большого числа равномерно распределенных головок используется ограниченное число считывающих
 []


Overfull \hbox (4.13211pt too wide) in paragraph at lines 141--142
[]\T2A/cmr/m/n/10 Моделирование в работе [[]13[]], показывает, что при всех достоинствах по подавлению характеристических
 []

[13]
Overfull \hbox (14.86752pt too wide) in paragraph at lines 146--147
[]\T2A/cmr/m/n/10 Пусть $\OML/cmm/m/it/10 r$\T2A/cmr/m/n/10 -й набор содержит $\OML/cmm/m/it/10 N[]$ \T2A/cmr/m/n/10 головок, равномерно размещенных по окружности; его частный усредненный
 []


Overfull \hbox (2.85098pt too wide) in paragraph at lines 160--164
\T2A/cmr/m/n/10 небольшим суммарным числом головок покрыть больший диапазон низких гармоник спектра погрешности. 
 []


Overfull \hbox (1.99635pt too wide) in paragraph at lines 165--166
[]\T2A/cmr/m/n/10 В то же время моделирование, проведенное в работе [[]13[]] для формата $\OT1/cmr/m/n/10 2$\T2A/cmr/m/n/10 ^^U$\OT1/cmr/m/n/10 3$\T2A/cmr/m/n/10 ^^U$\OT1/cmr/m/n/10 5$\T2A/cmr/m/n/10 , показывает, что амплитуды
 []


Overfull \hbox (25.69513pt too wide) in paragraph at lines 167--170
\T2A/cmr/m/n/10 эффект EDA без установки большого числа \T2A/cmr/m/it/10 физических \T2A/cmr/m/n/10 считывающих головок. Вместо реального равномерного
 []


Overfull \hbox (6.26682pt too wide) in paragraph at lines 173--175
\T2A/cmr/m/n/10 рассматривать как компромисс, обеспечивающий экономию по числу головок ценой усложнения алгоритмов
 []


Overfull \hbox (4.93747pt too wide) in paragraph at lines 182--183
[]\T2A/cmr/m/n/10 Запретной зоной телескопа называется область угловых положений на небесной сфере (область значений
 []


Overfull \hbox (45.36769pt too wide) in paragraph at lines 184--185
[]\T2A/cmr/m/n/10 Совокупность запретных зон определяет \T2A/cmr/m/it/10 рабочее поле \T2A/cmr/m/n/10 инструмента и является характеристикой наблюдательного
 []


Overfull \hbox (3.53601pt too wide) in paragraph at lines 188--189
\T2A/cmr/m/n/10 телескоп достаточно быстро (или достаточно точно), чтобы продолжать отслеживать объект. Это приводит
 []


Overfull \hbox (3.05643pt too wide) in paragraph at lines 188--189
\T2A/cmr/m/n/10 того, ограничение снизу (минимальная высота, как правило $\OT1/cmr/m/n/10 15\OML/cmm/m/it/10 :\OT1/cmr/m/n/10 0[]$\T2A/cmr/m/n/10 -$\OT1/cmr/m/n/10 20\OML/cmm/m/it/10 :\OT1/cmr/m/n/10 0[]$\T2A/cmr/m/n/10 ) задается требованием к оптической
 []

[14]
Overfull \hbox (10.6338pt too wide) in paragraph at lines 192--193
 []\T2A/cmr/bx/n/10 Зависимые ограничения двухосных монтировок.[] \T2A/cmr/m/n/10 Класс, характерный для немецких экваториальных
 []


Overfull \hbox (21.68898pt too wide) in paragraph at lines 196--197
\T2A/cmr/m/n/10 завершить слежение без смены стороны; для робота-телескопа или автоматического планировщика наблюдений
 []


Overfull \hbox (11.65793pt too wide) in paragraph at lines 217--218
\T2A/cmr/m/n/10 GmbH) с прямыми приводами [[]23[]]. Для данного инструмента запретные зоны имеют структуру, характерную
 []


Overfull \hbox (15.21521pt too wide) in paragraph at lines 221--222
[]\T2A/cmr/m/n/10 Программные ограничения по часовому углу с учетом механических упоров и требований к безопасности
 []


Overfull \hbox (0.49045pt too wide) in paragraph at lines 224--225
\T2A/cmr/m/n/10 запретных зон особенно важен: планировщик наблюдений обязан заблаговременно прогнозировать момент
 []


Overfull \hbox (21.04465pt too wide) in paragraph at lines 229--230
[]\T2A/cmr/m/n/10 Точность энкодера на оси телескопа непосредственно влияет на ширину программных буферов безопасности
 []


Overfull \hbox (27.44125pt too wide) in paragraph at lines 232--234
\T2A/cmr/m/n/10 где $\OML/cmm/m/it/10 k$ \T2A/cmr/m/n/10 --- коэффициент безопасности. При наличии незамеченных низкочастотных систематических погрешностей
 []

[15]
Overfull \hbox (7.51651pt too wide) in paragraph at lines 241--242
\T2A/cmr/m/n/10 других систематических погрешностей, которые имеют принципиально различную физическую природу [[]18[]]
 []


Overfull \hbox (7.3338pt too wide) in paragraph at lines 243--244
 []\T2A/cmr/bx/n/10 Индексные ошибки.[] \T2A/cmr/m/n/10 Нулевые поправки осей, термины IH и ID в TPoint, представляют собой постоянные
 []


Overfull \hbox (0.90701pt too wide) in paragraph at lines 243--244
\T2A/cmr/m/n/10 смещения нулевых положений энкодеров относительно истинного нуля координатной системы монтировки.
 []


Overfull \hbox (7.98862pt too wide) in paragraph at lines 243--244
\T2A/cmr/m/n/10 индексные ошибки дают одинаковый вклад во всех угловых положениях и могут быть устранены наведением
 []


Overfull \hbox (15.66974pt too wide) in paragraph at lines 259--260
\T2A/cmr/m/n/10 монтировки от направления на полюс мира. В модели TPOINT вертикальная составляющая этого отклонения
 []


Overfull \hbox (11.36743pt too wide) in paragraph at lines 275--276
\T2A/cmr/m/n/10 механической юстировкой монтировки. Хотя модель наведения способна оценить и частично компенсировать
 []

[16]
Overfull \hbox (8.59033pt too wide) in paragraph at lines 294--296
\T2A/cmr/m/n/10 для каждой звезды является суммой всех погрешностей наведения в данной точке неба. Модель наведения ---
 []

LaTeX Font Info:    Trying to load font information for T2A+cmtt on input line 299.
(/home/ilia/.miktex/texmfs/install/tex/latex/cyrillic/t2acmtt.fd
File: t2acmtt.fd 2001/08/11 v1.0a Computer Modern Cyrillic font definitions
)
Overfull \hbox (15.4047pt too wide) in paragraph at lines 298--300
\T2A/cmr/m/n/10 где $\OT1/cmr/bx/n/10 T[]\OT1/cmr/m/n/10 (\OML/cmm/m/it/10 t; ^^N\OT1/cmr/m/n/10 )$ \T2A/cmr/m/n/10 --- базисные функции, соответствующие известным геометрическим и механическим погрешностям
 []


Overfull \hbox (3.27011pt too wide) in paragraph at lines 301--302
[]\T2A/cmr/m/n/10 В этом смысле модель наведения выполняет функцию глобальной калибровки всей системы телескопа ---
 []


Overfull \hbox (2.39375pt too wide) in paragraph at lines 303--304
[]\T2A/cmr/m/n/10 Важно отметить, что модель наведения не устраняет \T2A/cmr/m/it/10 нестационарные \T2A/cmr/m/n/10 погрешности --- тепловые дрейфы
 []


Overfull \hbox (3.13235pt too wide) in paragraph at lines 309--310
[]\T2A/cmr/m/n/10 При регистрации изображения фотоприемной матрицей непрерывный оптический сигнал преобразуется
 []


Overfull \hbox (7.2851pt too wide) in paragraph at lines 309--310
\T2A/cmr/m/n/10 в дискретную последовательность отсчетов. Каждый пиксель линейки усредняет световой поток, падающий
 []


Overfull \hbox (15.47754pt too wide) in paragraph at lines 309--310
\T2A/cmr/m/n/10 на его площадку, и выдает одно числовое значение. Пространственный шаг такой выборки равен физическому
 []


Overfull \hbox (17.23636pt too wide) in paragraph at lines 311--312
\T2A/cmr/m/n/10 дискретным отсчетам достаточно, чтобы частота дискретизации не менее чем вдвое превышала максимальную
 []


Overfull \hbox (2.10117pt too wide) in paragraph at lines 311--312
\T2A/cmr/m/n/10 некоторой пространственной частоты, ^^V то соседние отсчеты связаны между собой аналитическим образом
 []

[17]
Overfull \hbox (5.85638pt too wide) in paragraph at lines 361--364
[]\T2A/cmr/m/n/10 Линейная интерполяция нулей функции в точке, где производная меняет знак между двумя соседними
 []

[18]
Overfull \hbox (8.64752pt too wide) in paragraph at lines 407--413
[]\T2A/cmr/m/n/10 Изображение перед детектированием увеличивается по числу пикселей в $\OML/cmm/m/it/10 M$ \T2A/cmr/m/n/10 раз с помощью интерполяции
 []


Overfull \hbox (5.20601pt too wide) in paragraph at lines 407--413
\T2A/cmr/m/n/10 пикселей возрастает как $\OML/cmm/m/it/10 M[]$\T2A/cmr/m/n/10 , что существенно увеличивает вычислительную нагрузку. Поэтому апсемплинг
 []


Overfull \hbox (14.12587pt too wide) in paragraph at lines 414--414
[]\T2A/cmr/bx/n/12 Ограничения на кодовую последовательность псевдослучайного оптического
 []


Overfull \hbox (2.70422pt too wide) in paragraph at lines 419--420
\T2A/cmr/m/n/10 однако последовательность бит образует подпоследовательность бинарной \T2A/cmr/m/it/10 последовательности де Брейна[][][]
 []


Overfull \hbox (1.77173pt too wide) in paragraph at lines 423--424
\T2A/cmr/m/n/10 последовательностей при заданных значениях длины кодового слова $\OML/cmm/m/it/10 n$ \T2A/cmr/m/n/10 и полной длины последовательности
 []


Overfull \hbox (15.35477pt too wide) in paragraph at lines 423--424
\OML/cmm/m/it/10 N$\T2A/cmr/m/n/10 . Критерием выбора служила минимизация максимальной длины однородного участка последовательности,
 []

[19]
Overfull \hbox (30.09799pt too wide) in paragraph at lines 449--450
[]\T2A/cmr/m/n/10 Полное число бит последовательности, являющейся подпоследовательностью де Брейна, также удовлетворяет
 []

<images/РѕС†РµРЅРєР° РЅР° С€РёСЂРёРЅСѓ РґРѕСЂРѕРєРё.pdf, id=450, 202.7575pt x 116.435pt>
File: images/РѕС†РµРЅРєР° РЅР° С€РёСЂРёРЅСѓ РґРѕСЂРѕРєРё.pdf Graphic file (type pdf)
<use images/РѕС†РµРЅРєР° РЅР° С€РёСЂРёРЅСѓ РґРѕСЂРѕРєРё.pdf>
Package pdftex.def Info: images/РѕС†РµРЅРєР° РЅР° С€РёСЂРёРЅСѓ РґРѕСЂРѕРєРё.pdf  used on input line 469.
(pdftex.def)             Requested size: 314.40001pt x 180.55232pt.

Overfull \hbox (1.3184pt too wide) in paragraph at lines 466--472
[]\T2A/cmr/m/n/10 Рассмотрим случай, когда линейка ориентирована под малым углом $\OML/cmm/m/it/10 $ \T2A/cmr/m/n/10 к касательной середины дорожки
 []

[20 <./images/РѕС†РµРЅРєР° РЅР° С€РёСЂРёРЅСѓ РґРѕСЂРѕРєРё.pdf>]
Overfull \hbox (30.40675pt too wide) in paragraph at lines 494--495
 []\T2A/cmr/bx/n/10 Аберрации и конечная глубина резкости.[] \T2A/cmr/m/n/10 Дефокусировка и аберрации приводят к уширению изображения
 []


Overfull \hbox (13.67242pt too wide) in paragraph at lines 494--495
\T2A/cmr/m/n/10 бита на матрице. Если эффективный размер пятна рассеяния превышает размеры пикселя, пространственное
 []

)
Overfull \hbox (35.2875pt too wide) in paragraph at lines 500--62
\T2A/cmr/m/n/10 зрения сверх теоретического минимума, окончательное определение характеристик проводится экспериментально. 
 []

(applying.tex
Overfull \hbox (18.1287pt too wide) in paragraph at lines 3--4
[]\T2A/cmr/m/n/10 На начальном этапе работы был проведен систематический поиск и анализ научно-технической литературы
 []


Overfull \hbox (2.10117pt too wide) in paragraph at lines 3--4
\T2A/cmr/m/n/10 по тематике датчиков угловых перемещений, применяемых в высокоточных оптических и астрономических
 []


Overfull \hbox (19.5969pt too wide) in paragraph at lines 3--4
\T2A/cmr/m/n/10 проведенного анализа сформирована теоретическая база работы и составлен литературный обзор, включенный
 []


Overfull \hbox (3.35086pt too wide) in paragraph at lines 6--7
\T2A/cmr/m/n/10 исходный код действующей системы считывания и обработки сигнала энкодера, а также показаны реальная
 []


Overfull \hbox (5.07266pt too wide) in paragraph at lines 8--9
\T2A/cmr/m/n/10 Основное внимание было сосредоточено на алгоритмах самокомпенсации и самокоррекции систематических
 []


Overfull \hbox (13.44916pt too wide) in paragraph at lines 8--9
\T2A/cmr/m/n/10 ошибок энкодера с учетом условий работы в составе астрономических телескопов. К ключевым ограничениям
 []


Overfull \hbox (7.98862pt too wide) in paragraph at lines 8--9
\T2A/cmr/m/n/10 относятся высокие требования к точности позиционирования (от единиц до десятых долей угловой секунды),
 []


Overfull \hbox (2.85464pt too wide) in paragraph at lines 12--13
[]\T2A/cmr/m/n/10 При разработке прототипа энкодера для телескопа АЗТ-6 в данной работе действует ряд специфических
 []


Overfull \hbox (26.30603pt too wide) in paragraph at lines 16--17
[]\T2A/cmr/bx/n/10 Компактность конструкции, расположения датчика на осях монтировки АЗТ-6\T2A/cmr/m/n/10 . Максимальные
 []


Overfull \hbox (12.89293pt too wide) in paragraph at lines 17--18
[]\T2A/cmr/bx/n/10 Конструкция считывающей головки энкодера[]\T2A/cmr/m/n/10 . С учетом []п. 1[] было принято решение использовать
 []


Overfull \hbox (9.88318pt too wide) in paragraph at lines 17--18
\T2A/cmr/m/n/10 линзу для проецирования растра на ПЗС-матрицу, что позволяет эффективно увеличить используемую
 []

[21]
Overfull \hbox (12.61711pt too wide) in paragraph at lines 54--55
[]\T2A/cmr/m/n/10 При заданных $\OML/cmm/m/it/10 k$\T2A/cmr/m/n/10 , $\OML/cmm/m/it/10 L$\T2A/cmr/m/n/10 , $\OML/cmm/m/it/10 w$\T2A/cmr/m/n/10 , $\OML/cmm/m/it/10 R$ \T2A/cmr/m/n/10 в поле зрения матрицы (в пределах зоны умеренной дисторсии и виньетирования)
 []


Overfull \hbox (16.54208pt too wide) in paragraph at lines 61--62
\T2A/cmr/m/n/10 требований к допустимым положениям считывающих головок и конструктивных ограничений, обусловленных
 []


Overfull \hbox (9.09021pt too wide) in paragraph at lines 65--66
\T2A/cmr/m/n/10 компонентов для изготовления прототипа. Принципиальным ограничением являлось то, что измерительный
 []


Overfull \hbox (6.31311pt too wide) in paragraph at lines 67--68
\T2A/cmr/m/n/10 результатам испытаний (см. []Приложение 1[]) определен масштаб кодового растра, воспроизводимый методом
 []

[22]
Overfull \hbox (17.98984pt too wide) in paragraph at lines 75--76
[]\T2A/cmr/m/n/10 Для улучшения качества была сделана оценка параметров дисторсии и коррекция структуры считываемого
 []


Overfull \hbox (10.01956pt too wide) in paragraph at lines 110--111
[]\T2A/cmr/m/n/10 При численной реализации выражение под корнем ограничивается снизу нулем, что исключает появление
 []


Overfull \hbox (16.92163pt too wide) in paragraph at lines 110--111
\T2A/cmr/m/n/10 комплексных значений из-за накопления ошибок округления. Область определения обратного преобразования
 []


Overfull \hbox (22.13782pt too wide) in paragraph at lines 122--123
[]\T2A/cmr/m/n/10 Пусть $\OMS/cmsy/m/n/10 f\OML/cmm/m/it/10 x[]\OMS/cmsy/m/n/10 g[]$ \T2A/cmr/m/n/10 --- координаты найденных фронтов зебры в пиксельных координатах сенсора, определенные
 []


Overfull \hbox (5.04297pt too wide) in paragraph at lines 128--129
[]\T2A/cmr/m/n/10 Для заданного пробного значения $\OML/cmm/m/it/10 k$ \T2A/cmr/m/n/10 вычисляются соответствующие неискаженные координаты фронтов: 
 []

[23]
Overfull \hbox (26.59885pt too wide) in paragraph at lines 148--149
[]\T2A/cmr/m/n/10 Коэффициент дисторсии определяется минимизацией нормированной дисперсии межфронтовых расстояний: 
 []


Overfull \hbox (38.12381pt too wide) in paragraph at lines 155--156
[]\T2A/cmr/m/n/10 Такой функционал не зависит от абсолютного масштаба полос и характеризует только степень неравномерности
 []


Overfull \hbox (0.85841pt too wide) in paragraph at lines 163--164
 []\T2A/cmr/bx/n/10 Две постановки задачи восстановления.[] \T2A/cmr/m/n/10 Задача восстановления может быть сформулирована двумя
 []


Overfull \hbox (16.54822pt too wide) in paragraph at lines 171--173
\T2A/cmr/m/n/10 вычисляется соответствующая координата в искаженном пространстве, и значение сигнала определяется
 []


Overfull \hbox (14.28952pt too wide) in paragraph at lines 180--182
\T2A/cmr/m/n/10 сетке искаженного сенсора. Для каждого исходного отсчета вычисляется его положение в неискаженном
 []


Overfull \hbox (14.51231pt too wide) in paragraph at lines 200--201
 []\T2A/cmr/bx/n/10 Алгоритм восстановления, используемый в реализации.[] \T2A/cmr/m/n/10 В реализованном алгоритме восстановление
 []

[24]
Overfull \hbox (13.75885pt too wide) in paragraph at lines 230--231
[]\T2A/cmr/m/n/10 Таким образом, исходный сигнал $\OML/cmm/m/it/10 S$ \T2A/cmr/m/n/10 начинает рассматриваться как функция, заданная на неравномерной
 []


Overfull \hbox (2.99597pt too wide) in paragraph at lines 232--233
[]\T2A/cmr/m/n/10 По диапазону найденных координат строится новая равномерная сетка в неискаженном пространстве: 
 []

<images/Р—РµР±СЂР°.jpg, id=706, 1409.265pt x 715.67375pt>
File: images/Р—РµР±СЂР°.jpg Graphic file (type jpg)
<use images/Р—РµР±СЂР°.jpg>
Package pdftex.def Info: images/Р—РµР±СЂР°.jpg  used on input line 273.
(pdftex.def)             Requested size: 241.84843pt x 122.80956pt.
[25 <./images/Р—РµР±СЂР°.jpg>]
<images/РґРёСЃС‚РѕСЂСЃРёСЏ_РєР°Р»РёР±СЂРѕРІРєР°.pdf, id=729, 800.7516pt x 601.28638pt>
File: images/РґРёСЃС‚РѕСЂСЃРёСЏ_РєР°Р»РёР±СЂРѕРІРєР°.pdf Graphic file (type pdf)
<use images/РґРёСЃС‚РѕСЂСЃРёСЏ_РєР°Р»РёР±СЂРѕРІРєР°.pdf>
Package pdftex.def Info: images/РґРёСЃС‚РѕСЂСЃРёСЏ_РєР°Р»РёР±СЂРѕРІРєР°.pdf  used on input line 282.
(pdftex.def)             Requested size: 483.69687pt x 363.21512pt.

Overfull \hbox (3.77605pt too wide) in paragraph at lines 289--290
[]\T2A/cmr/bx/n/10 Рабочий цикл\T2A/cmr/m/n/10 : при считывании произвольного растра значение $\OML/cmm/m/it/10 k[]$ \T2A/cmr/m/n/10 используется для геометрической
 []

<images/РїСЂРёРјРµСЂ_РІРѕСЃСЃС‚Р°РЅРѕРІР»РµРЅРёСЏ_РґРёСЃС‚РѕСЂСЃРёРё.png, id=730, 1010.77625pt x 151.56625pt>
File: images/РїСЂРёРјРµСЂ_РІРѕСЃСЃС‚Р°РЅРѕРІР»РµРЅРёСЏ_РґРёСЃС‚РѕСЂСЃРёРё.png Graphic file (type png)
<use images/РїСЂРёРјРµСЂ_РІРѕСЃСЃС‚Р°РЅРѕРІР»РµРЅРёСЏ_РґРёСЃС‚РѕСЂСЃРёРё.png>
Package pdftex.def Info: images/РїСЂРёРјРµСЂ_РІРѕСЃСЃС‚Р°РЅРѕРІР»РµРЅРёСЏ_РґРёСЃС‚РѕСЂСЃРёРё.png  used on input line 293.
(pdftex.def)             Requested size: 483.69687pt x 72.53125pt.

Overfull \hbox (22.14148pt too wide) in paragraph at lines 301--302
\T2A/cmr/m/n/10 матрицы. В рамках этой модели используются два типа входных данных: синтетический сигнал, формируемый
 []


Overfull \hbox (5.517pt too wide) in paragraph at lines 301--302
\T2A/cmr/m/n/10 численно по заданной битовой последовательности, и экспериментальный сигнал, непрерывно считываемый
 []

[26 <./images/РґРёСЃС‚РѕСЂСЃРёСЏ_РєР°Р»РёР±СЂРѕРІРєР°.pdf> <./images/РїСЂРёРјРµСЂ_РІРѕСЃСЃС‚Р°РЅРѕРІР»РµРЅРёСЏ_РґРёСЃС‚РѕСЂСЃРёРё.png>]
Overfull \hbox (37.23148pt too wide) in paragraph at lines 307--308
\T2A/cmr/m/n/10 обработкой экспериментального сигнала выполняется геометрическая коррекция, переводящая его в неискаженное
 []


Overfull \hbox (11.7196pt too wide) in paragraph at lines 318--319
[]\T2A/cmr/bx/n/10 Гауссово сглаживание. \T2A/cmr/m/n/10 К нормированному сигналу применяется гауссово сглаживание с параметром
 []


Overfull \hbox (0.5799pt too wide) in paragraph at lines 328--330
\T2A/cmr/m/n/10 Данная операция компенсирует неравномерность амплитуды сигнала вдоль матрицы, обусловленную
 []


Overfull \hbox (8.68655pt too wide) in paragraph at lines 347--348
[]\T2A/cmr/m/n/10 Экстремумы первой производной соответствуют наиболее резким переходам между соседними участками
 []


Overfull \hbox (17.6159pt too wide) in paragraph at lines 347--348
\T2A/cmr/m/n/10 растра. Вторая производная используется как вспомогательная величина для точного определения положений
 []

[27]
Overfull \hbox (13.19257pt too wide) in paragraph at lines 396--397
[]\T2A/cmr/bx/n/10 Восстановление положений битов. \T2A/cmr/m/n/10 Внутри каждого сегмента левые границы битов распределяются
 []

<images/Р¦РёС„СЂРѕРІР°СЏ_РјРѕРґРµР»СЊ.pdf, id=817, 798.58348pt x 733.54048pt>
File: images/Р¦РёС„СЂРѕРІР°СЏ_РјРѕРґРµР»СЊ.pdf Graphic file (type pdf)
<use images/Р¦РёС„СЂРѕРІР°СЏ_РјРѕРґРµР»СЊ.pdf>
Package pdftex.def Info: images/Р¦РёС„СЂРѕРІР°СЏ_РјРѕРґРµР»СЊ.pdf  used on input line 420.
(pdftex.def)             Requested size: 483.69687pt x 444.30263pt.

Underfull \hbox (badness 1107) in paragraph at lines 421--421
\T2A/cmr/m/n/9 определения положений фронтов менее $\OT1/cmr/m/n/9 0\OML/cmm/m/it/9 :\OT1/cmr/m/n/9 1$ \T2A/cmr/m/n/9 пиксела, что составляет менее $\OT1/cmr/m/n/9 2%$ \T2A/cmr/m/n/9 ширины бита. Точность
 []

[28]
<images/diagnostic_blur=0.05_noise=200.pdf, id=845, 437.9562pt x 370.74509pt>
File: images/diagnostic_blur=0.05_noise=200.pdf Graphic file (type pdf)
<use images/diagnostic_blur=0.05_noise=200.pdf>
Package pdftex.def Info: images/diagnostic_blur=0.05_noise=200.pdf  used on input line 431.
(pdftex.def)             Requested size: 232.17242pt x 196.5392pt.
<images/diagnostic_blur=0.2_noise=200.pdf, id=846, 436.5108pt x 370.02242pt>
File: images/diagnostic_blur=0.2_noise=200.pdf Graphic file (type pdf)
<use images/diagnostic_blur=0.2_noise=200.pdf>
Package pdftex.def Info: images/diagnostic_blur=0.2_noise=200.pdf  used on input line 438.
(pdftex.def)             Requested size: 232.17242pt x 196.81105pt.

Underfull \hbox (badness 1337) in paragraph at lines 439--439
[]\T2A/cmr/m/n/8 (b) |Уровень шума ок. 13 дБ, уровень размытия 20
 []

[29 <./images/Р¦РёС„СЂРѕРІР°СЏ_РјРѕРґРµР»СЊ.pdf>]
<images/diagnostic_N=2_bit=6.pdf, id=969, 433.62pt x 361.35pt>
File: images/diagnostic_N=2_bit=6.pdf Graphic file (type pdf)
<use images/diagnostic_N=2_bit=6.pdf>
Package pdftex.def Info: images/diagnostic_N=2_bit=6.pdf  used on input line 451.
(pdftex.def)             Requested size: 232.17242pt x 193.47748pt.
<images/diagnostic_N=4_bit=6.pdf, id=970, 433.62pt x 361.35pt>
File: images/diagnostic_N=4_bit=6.pdf Graphic file (type pdf)
<use images/diagnostic_N=4_bit=6.pdf>
Package pdftex.def Info: images/diagnostic_N=4_bit=6.pdf  used on input line 458.
(pdftex.def)             Requested size: 232.17242pt x 193.47748pt.
<images/Blais-Rioux Edge Detector.png, id=971, 760.34062pt x 807.7678pt>
File: images/Blais-Rioux Edge Detector.png Graphic file (type png)
<use images/Blais-Rioux Edge Detector.png>
Package pdftex.def Info: images/Blais-Rioux Edge Detector.png  used on input line 470.
(pdftex.def)             Requested size: 483.69687pt x 513.87592pt.
 [30 <./images/diagnostic_blur=0.05_noise=200.pdf> <./images/diagnostic_blur=0.2_noise=200.pdf> <./images/diagnostic_N=2_bit=6.pdf> <./images/diagnostic_N=4_bit=6.pdf>] [31 <./images/Blais-Rioux Edge Detector.png (PNG copy)>]
Overfull \hbox (23.21223pt too wide) in paragraph at lines 492--493
[]\T2A/cmr/m/n/10 Для перехода от пиксельных координат к угловым используется масштабный коэффициент $\OML/cmm/m/it/10 ^^U$\T2A/cmr/m/n/10 , определяемый
 []


Overfull \hbox (29.73697pt too wide) in paragraph at lines 504--505
[]\T2A/cmr/m/n/10 Для последующей оценки угла используются только те восстановленные биты, которые целиком принадлежат
 []


Overfull \hbox (0.15611pt too wide) in paragraph at lines 510--511
[]\T2A/cmr/m/n/10 По последовательности валидных битов строятся скользящие окна длиной $\OML/cmm/m/it/10 m$ \T2A/cmr/m/n/10 бит. Если число валидных
 []


Overfull \hbox (7.00739pt too wide) in paragraph at lines 518--519
\T2A/cmr/m/n/10 вычетом углового смещения этого слова относительно центра матрицы. Таким образом, оценка абсолютного
 []


Overfull \hbox (12.3801pt too wide) in paragraph at lines 525--526
[]\T2A/cmr/m/n/10 Биты, расположенные вблизи краев поля зрения матрицы значительнее всего были подвержены обработке
 []

[32]) (discussion.tex
Overfull \hbox (1.64758pt too wide) in paragraph at lines 1--2
\T2A/cmr/m/n/10 вращении кодового диска прецизионным шаговым двигателем по и против часовой стрелки. Эксперименты
 []


Overfull \hbox (15.34793pt too wide) in paragraph at lines 1--2
\T2A/cmr/m/n/10 выполнялись как для каждой из двух диаметрально противоположных считывающих головок по отдельности,
 []


Overfull \hbox (3.59155pt too wide) in paragraph at lines 1--2
\T2A/cmr/m/n/10 так и для их совместного использования. Для каждого отсчета определялись среднее значение абсолютного
 []


Overfull \hbox (17.55927pt too wide) in paragraph at lines 3--4
\T2A/cmr/m/n/10 настройка. В рамках этой процедуры измерялись плоские поля, характеризующие виньетирование оптической
 []


Overfull \hbox (7.61835pt too wide) in paragraph at lines 3--4
\T2A/cmr/m/n/10 визуализации определялось эффективное фокусное расстояние для каждой головки. Такой подход позволил
 []


Overfull \hbox (15.76816pt too wide) in paragraph at lines 5--6
[]\T2A/cmr/m/n/10 Анализ среднего значения угла позволяет оценить систематическую составляющую погрешности энкодера.
 []


Overfull \hbox (44.69263pt too wide) in paragraph at lines 5--6
\T2A/cmr/m/n/10 Анализ среднеквадратического отклонения характеризует повторяемость и стабильность измерений. Сопоставление
 []


Overfull \hbox (5.89655pt too wide) in paragraph at lines 7--8
\T2A/cmr/m/n/10 периодов, внутри которых сигнал приводился к общей фазовой сетке. Для каждой точки фазы вычислялась
 []


Overfull \hbox (2.24002pt too wide) in paragraph at lines 9--10
\T2A/cmr/m/n/10 собственной погрешности алгоритма обработки для одной головки, вычислялась как среднеквадратическое
 []

[33]
Overfull \hbox (27.64124pt too wide) in paragraph at lines 14--15
\T2A/cmr/m/n/10 направления измерений. Предположительно, наблюдаемая асимметрия связана с тем, что во всех экспериментах
 []


Overfull \hbox (0.57266pt too wide) in paragraph at lines 14--15
\T2A/cmr/m/n/10 считывания с направлением вращения диска значение СКО уменьшалось, тогда как при противоположных
 []


Overfull \hbox (9.56232pt too wide) in paragraph at lines 16--17
\T2A/cmr/m/n/10 гармоники и в остаточной зависимости наиболее выраженной оставалась вторая гармоника (см. []Приложение
 []


Overfull \hbox (16.40689pt too wide) in paragraph at lines 24--25
[]\T2A/cmr/m/n/10 По результатам обработки строились диагностические графики, отражающие усредненную периодическую
 []


Overfull \hbox (37.23587pt too wide) in paragraph at lines 33--34
\T2A/cmr/m/n/10 головок достигла в среднем не более $\OT1/cmr/m/n/10 0\OML/cmm/m/it/10 :\OT1/cmr/m/n/10 08$ \T2A/cmr/m/n/10 градусов при вращении противоположно считыванию, воспроизводимость
 []

) (conclusion.tex
Overfull \hbox (10.8516pt too wide) in paragraph at lines 1--2
[]\T2A/cmr/m/n/10 В ходе выполнения курсовой работы была рассмотрена актуальная научно-техническая задача, связанная
 []


Overfull \hbox (5.90945pt too wide) in paragraph at lines 3--4
[]\T2A/cmr/m/n/10 Значимость данной задачи определяется возрастающей потребностью в автоматизации астрономических
 []


Overfull \hbox (25.53064pt too wide) in paragraph at lines 3--4
\T2A/cmr/m/n/10 функционировать в составе современных роботизированных измерительных комплексов. Особую практическую
 []


Overfull \hbox (21.30945pt too wide) in paragraph at lines 5--6
\T2A/cmr/m/n/10 отладка и серия испытаний. Полученные результаты позволили выявить как случайные, так и систематические
 []

)
Overfull \hbox (18.212pt too wide) in paragraph at lines 7--69
[]\T2A/cmr/m/n/10 Для обработки сигнала были применены методы математического и программного анализа, подтвердившие
 []


Overfull \hbox (25.78983pt too wide) in paragraph at lines 7--69
\T2A/cmr/m/n/10 образом, поставленные в курсовой работе цели были достигнуты, а разработанный прототип продемонстрировал
 []


Overfull \hbox (7.29434pt too wide) in paragraph at lines 7--69
\T2A/cmr/m/n/10 создании отечественных высокоточных систем углового позиционирования для астрономических телескопов
 []

(application.tex
<images/СѓСЃС‚Р°РЅРѕРІРєР° РјР°С‚РѕРІС‹Р№.jpg, id=1194, 4015.0pt x 2854.665pt>
File: images/СѓСЃС‚Р°РЅРѕРІРєР° РјР°С‚РѕРІС‹Р№.jpg Graphic file (type jpg)
<use images/СѓСЃС‚Р°РЅРѕРІРєР° РјР°С‚РѕРІС‹Р№.jpg>
Package pdftex.def Info: images/СѓСЃС‚Р°РЅРѕРІРєР° РјР°С‚РѕРІС‹Р№.jpg  used on input line 4.
(pdftex.def)             Requested size: 580.43475pt x 412.67441pt.
<images/СѓСЃС‚Р°РЅРѕРІРєР° РґРІРµ РіРѕР»РѕРІРєРё.jpg, id=1195, 4015.0pt x 2507.3675pt>
File: images/СѓСЃС‚Р°РЅРѕРІРєР° РґРІРµ РіРѕР»РѕРІРєРё.jpg Graphic file (type jpg)
<use images/СѓСЃС‚Р°РЅРѕРІРєР° РґРІРµ РіРѕР»РѕРІРєРё.jpg>
Package pdftex.def Info: images/СѓСЃС‚Р°РЅРѕРІРєР° РґРІРµ РіРѕР»РѕРІРєРё.jpg  used on input line 9.
(pdftex.def)             Requested size: 435.32422pt x 271.8323pt.
 [34]
<images/Р·РµР±СЂР° Рё РґРёСЃРє.jpg, id=1205, 4015.0pt x 2509.375pt>
File: images/Р·РµР±СЂР° Рё РґРёСЃРє.jpg Graphic file (type jpg)
<use images/Р·РµР±СЂР° Рё РґРёСЃРє.jpg>
Package pdftex.def Info: images/Р·РµР±СЂР° Рё РґРёСЃРє.jpg  used on input line 14.
(pdftex.def)             Requested size: 483.69687pt x 302.299pt.
 [35 <./images/СѓСЃС‚Р°РЅРѕРІРєР° РјР°С‚РѕРІС‹Р№.jpg>]
<images/3D РјРѕРґРµР»СЊ.png, id=1211, 963.6pt x 735.49782pt>
File: images/3D РјРѕРґРµР»СЊ.png Graphic file (type png)
<use images/3D РјРѕРґРµР»СЊ.png>
Package pdftex.def Info: images/3D РјРѕРґРµР»СЊ.png  used on input line 21.
(pdftex.def)             Requested size: 435.32422pt x 332.27281pt.
<images/СЂР°Р·СЂРµР· 3D РјРѕРґРµР»СЊ.png, id=1212, 963.6pt x 551.81157pt>
File: images/СЂР°Р·СЂРµР· 3D РјРѕРґРµР»СЊ.png Graphic file (type png)
<use images/СЂР°Р·СЂРµР· 3D РјРѕРґРµР»СЊ.png>
Package pdftex.def Info: images/СЂР°Р·СЂРµР· 3D РјРѕРґРµР»СЊ.png  used on input line 22.
(pdftex.def)             Requested size: 435.32422pt x 249.28963pt.
 [36 <./images/СѓСЃС‚Р°РЅРѕРІРєР° РґРІРµ РіРѕР»РѕРІРєРё.jpg> <./images/Р·РµР±СЂР° Рё РґРёСЃРє.jpg>]
<images/no_trash_2500.pdf, id=1221, 713.30492pt x 784.85219pt>
File: images/no_trash_2500.pdf Graphic file (type pdf)
<use images/no_trash_2500.pdf>
Package pdftex.def Info: images/no_trash_2500.pdf  used on input line 32.
(pdftex.def)             Requested size: 483.69687pt x 532.2194pt.
 [37 <./images/3D РјРѕРґРµР»СЊ.png> <./images/СЂР°Р·СЂРµР· 3D РјРѕРґРµР»СЊ.png>]
<images/final_10_5000_head1.pdf, id=1227, 714.75032pt x 790.63379pt>
File: images/final_10_5000_head1.pdf Graphic file (type pdf)
<use images/final_10_5000_head1.pdf>
Package pdftex.def Info: images/final_10_5000_head1.pdf  used on input line 39.
(pdftex.def)             Requested size: 483.69687pt x 535.06627pt.
 [38 <./images/no_trash_2500.pdf>]
<images/final_10_5000_head2.pdf, id=1294, 713.30492pt x 789.91112pt>
File: images/final_10_5000_head2.pdf Graphic file (type pdf)
<use images/final_10_5000_head2.pdf>
Package pdftex.def Info: images/final_10_5000_head2.pdf  used on input line 46.
(pdftex.def)             Requested size: 483.69687pt x 535.64992pt.
 [39 <./images/final_10_5000_head1.pdf>]
<images/final_10_5000_avg.pdf, id=1363, 714.75032pt x 789.91112pt>
File: images/final_10_5000_avg.pdf Graphic file (type pdf)
<use images/final_10_5000_avg.pdf>
Package pdftex.def Info: images/final_10_5000_avg.pdf  used on input line 53.
(pdftex.def)             Requested size: 483.69687pt x 534.5772pt.
 [40 <./images/final_10_5000_head2.pdf>]
<images/final_reverse10_5000_head1.pdf, id=1432, 716.9184pt x 789.18839pt>
File: images/final_reverse10_5000_head1.pdf Graphic file (type pdf)
<use images/final_reverse10_5000_head1.pdf>
Package pdftex.def Info: images/final_reverse10_5000_head1.pdf  used on input line 60.
(pdftex.def)             Requested size: 483.69687pt x 532.46242pt.
 [41 <./images/final_10_5000_avg.pdf>]
<images/final_reverse10_5000_head2.pdf, id=1501, 711.13678pt x 792.80193pt>
File: images/final_reverse10_5000_head2.pdf Graphic file (type pdf)
<use images/final_reverse10_5000_head2.pdf>
Package pdftex.def Info: images/final_reverse10_5000_head2.pdf  used on input line 67.
(pdftex.def)             Requested size: 483.69687pt x 539.24335pt.
 [42 <./images/final_reverse10_5000_head1.pdf>]
<images/final_reverse10_5000_avg.pdf, id=1571, 712.58218pt x 792.0792pt>
File: images/final_reverse10_5000_avg.pdf Graphic file (type pdf)
<use images/final_reverse10_5000_avg.pdf>
Package pdftex.def Info: images/final_reverse10_5000_avg.pdf  used on input line 74.
(pdftex.def)             Requested size: 483.69687pt x 537.664pt.
 [43 <./images/final_reverse10_5000_head2.pdf>]) [44 <./images/final_reverse10_5000_avg.pdf>]
Underfull \hbox (badness 10000) in paragraph at lines 86--89
[]\T2A/cmr/m/n/10 Renishaw. The Accuracy of Rotary Encoders. []$\T2A/cmtt/m/n/10 https : / / www . renishaw . com / fr /
 []


Underfull \hbox (badness 1348) in paragraph at lines 211--216
\T2A/cmr/m/n/10 ID 1401414. Traunreut, Germany, []$\T2A/cmtt/m/n/10 https : / / www . heidenhain . com / fileadmin / pdf / en / 01 _ Products /
 []

[45

] [46] (NIR.aux)
 ***********
LaTeX2e <2026-06-01>
L3 programming layer <2026-06-18>
 ***********


LaTeX Warning: There were multiply-defined labels.

Package rerunfilecheck Info: File `NIR.out' has not changed.
(rerunfilecheck)             Checksum: DF9343738B1F0A5E38CA7EFC8878863E;9226.
 ) 
Here is how much of TeX's memory you used:
 19711 strings out of 469447
 380896 string characters out of 5460922
 768910 words of memory out of 5000000
 48121 multiletter control sequences out of 15000+600000
 649156 words of font info for 98 fonts, out of 8000000 for 9000
 0 hyphenation exceptions out of 8191
 74i,13n,79p,1726b,1233s stack positions out of 10000i,1000n,20000p,200000b,200000s
 </home/ilia/.miktex/texmfs/data/fonts/pk/ljfour/lh/lh-t2a/dpi600/latt1000.pk> </home/ilia/.miktex/texmfs/data/fonts/pk/ljfour/lh/lh-t2a/dpi600/larm0600.pk> </home/ilia/.miktex/texmfs/data/fonts/pk/ljfour/lh/lh-t2a/dpi600/larm0700.pk> </home/ilia/.miktex/texmfs/data/fonts/pk/ljfour/lh/lh-t2a/dpi600/larm0800.pk> </home/ilia/.miktex/texmfs/data/fonts/pk/ljfour/lh/lh-t2a/dpi600/larm0900.pk> </home/ilia/.miktex/texmfs/data/fonts/pk/ljfour/lh/lh-t2a/dpi600/labx1200.pk> </home/ilia/.miktex/texmfs/data/fonts/pk/ljfour/jknappen/ec/dpi600/tcrm1000.pk> </home/ilia/.miktex/texmfs/data/fonts/pk/ljfour/lh/lh-t2a/dpi600/lati1000.pk> </home/ilia/.miktex/texmfs/data/fonts/pk/ljfour/lh/lh-t2a/dpi600/labx1000.pk> </home/ilia/.miktex/texmfs/data/fonts/pk/ljfour/lh/lh-t2a/dpi600/labx1440.pk> </home/ilia/.miktex/texmfs/data/fonts/pk/ljfour/lh/lh-t2a/dpi600/larm1200.pk> </home/ilia/.miktex/texmfs/data/fonts/pk/ljfour/lh/lh-t2a/dpi600/larm1000.pk></home/ilia/.miktex/texmfs/install/fonts/type1/public/amsfonts/cm/cmbx10.pfb></home/ilia/.miktex/texmfs/install/fonts/type1/public/amsfonts/cm/cmex10.pfb></home/ilia/.miktex/texmfs/install/fonts/type1/public/amsfonts/cm/cmmi10.pfb></home/ilia/.miktex/texmfs/install/fonts/type1/public/amsfonts/cm/cmmi5.pfb></home/ilia/.miktex/texmfs/install/fonts/type1/public/amsfonts/cm/cmmi6.pfb></home/ilia/.miktex/texmfs/install/fonts/type1/public/amsfonts/cm/cmmi7.pfb></home/ilia/.miktex/texmfs/install/fonts/type1/public/amsfonts/cm/cmmi8.pfb></home/ilia/.miktex/texmfs/install/fonts/type1/public/amsfonts/cm/cmmi9.pfb></home/ilia/.miktex/texmfs/install/fonts/type1/public/amsfonts/cm/cmmib10.pfb></home/ilia/.miktex/texmfs/install/fonts/type1/public/amsfonts/cm/cmr10.pfb></home/ilia/.miktex/texmfs/install/fonts/type1/public/amsfonts/cm/cmr5.pfb></home/ilia/.miktex/texmfs/install/fonts/type1/public/amsfonts/cm/cmr6.pfb></home/ilia/.miktex/texmfs/install/fonts/type1/public/amsfonts/cm/cmr7.pfb></home/ilia/.miktex/texmfs/install/fonts/type1/public/amsfonts/cm/cmr8.pfb></home/ilia/.miktex/texmfs/install/fonts/type1/public/amsfonts/cm/cmr9.pfb></home/ilia/.miktex/texmfs/install/fonts/type1/public/amsfonts/cm/cmsy10.pfb></home/ilia/.miktex/texmfs/install/fonts/type1/public/amsfonts/cm/cmsy5.pfb></home/ilia/.miktex/texmfs/install/fonts/type1/public/amsfonts/cm/cmsy7.pfb></home/ilia/.miktex/texmfs/install/fonts/type1/public/amsfonts/cm/cmsy8.pfb></home/ilia/.miktex/texmfs/install/fonts/type1/public/amsfonts/cm/cmsy9.pfb></home/ilia/.miktex/texmfs/install/fonts/type1/public/amsfonts/cm/cmtt10.pfb></home/ilia/.miktex/texmfs/install/fonts/type1/public/amsfonts/symbols/msam10.pfb></home/ilia/.miktex/texmfs/install/fonts/type1/public/amsfonts/symbols/msbm7.pfb>
Output written on NIR.pdf (47 pages, 13758177 bytes).
PDF statistics:
 2617 PDF objects out of 2984 (max. 8388607)
 318 named destinations out of 1000 (max. 500000)
 388 words of extra memory for PDF output out of 10000 (max. 10000000)

